2018-08-24 16:20:33,991 INFO org.springframework.boot.StartupInfoLogger [main] Starting CourseApiApp on C02W4207HTD6.ariba.com with PID 25727 (/Anant/Workspaces/course_spring_boot/target/classes started by i351596 in /Anant/Workspaces/course_spring_boot)
2018-08-24 16:20:33,998 DEBUG org.springframework.boot.StartupInfoLogger [main] Running with Spring Boot v2.0.4.RELEASE, Spring v5.0.8.RELEASE
2018-08-24 16:20:34,006 INFO org.springframework.boot.SpringApplication [main] No active profile set, falling back to default profiles: default
2018-08-24 16:20:34,112 INFO org.springframework.context.support.AbstractApplicationContext [main] Refreshing org.springframework.boot.web.servlet.context.AnnotationConfigServletWebServerApplicationContext@3d51f06e: startup date [Fri Aug 24 16:20:34 IST 2018]; root of context hierarchy
2018-08-24 16:20:36,063 INFO org.springframework.context.support.PostProcessorRegistrationDelegate$BeanPostProcessorChecker [main] Bean 'org.springframework.transaction.annotation.ProxyTransactionManagementConfiguration' of type [org.springframework.transaction.annotation.ProxyTransactionManagementConfiguration$$EnhancerBySpringCGLIB$$b53961fc] is not eligible for getting processed by all BeanPostProcessors (for example: not eligible for auto-proxying)
2018-08-24 16:20:37,338 INFO org.springframework.boot.web.embedded.tomcat.TomcatWebServer [main] Tomcat initialized with port(s): 8080 (http)
2018-08-24 16:20:37,416 INFO org.apache.juli.logging.DirectJDKLog [main] Initializing ProtocolHandler ["http-nio-8080"]
2018-08-24 16:20:37,442 INFO org.apache.juli.logging.DirectJDKLog [main] Starting service [Tomcat]
2018-08-24 16:20:37,444 INFO org.apache.juli.logging.DirectJDKLog [main] Starting Servlet Engine: Apache Tomcat/8.5.32
2018-08-24 16:20:37,467 INFO org.apache.juli.logging.DirectJDKLog [localhost-startStop-1] The APR based Apache Tomcat Native library which allows optimal performance in production environments was not found on the java.library.path: [/Users/i351596/Library/Java/Extensions:/Library/Java/Extensions:/Network/Library/Java/Extensions:/System/Library/Java/Extensions:/usr/lib/java:.]
2018-08-24 16:20:37,612 INFO org.apache.juli.logging.DirectJDKLog [localhost-startStop-1] Initializing Spring embedded WebApplicationContext
2018-08-24 16:20:37,612 INFO org.springframework.boot.web.servlet.context.ServletWebServerApplicationContext [localhost-startStop-1] Root WebApplicationContext: initialization completed in 3501 ms
2018-08-24 16:20:37,694 INFO org.springframework.boot.web.servlet.ServletRegistrationBean [localhost-startStop-1] Servlet dispatcherServlet mapped to [/]
2018-08-24 16:20:37,701 INFO org.springframework.boot.web.servlet.AbstractFilterRegistrationBean [localhost-startStop-1] Mapping filter: 'characterEncodingFilter' to: [/*]
2018-08-24 16:20:37,703 INFO org.springframework.boot.web.servlet.AbstractFilterRegistrationBean [localhost-startStop-1] Mapping filter: 'hiddenHttpMethodFilter' to: [/*]
2018-08-24 16:20:37,703 INFO org.springframework.boot.web.servlet.AbstractFilterRegistrationBean [localhost-startStop-1] Mapping filter: 'httpPutFormContentFilter' to: [/*]
2018-08-24 16:20:37,704 INFO org.springframework.boot.web.servlet.AbstractFilterRegistrationBean [localhost-startStop-1] Mapping filter: 'requestContextFilter' to: [/*]
2018-08-24 16:20:37,988 INFO com.zaxxer.hikari.HikariDataSource [main] HikariPool-1 - Starting...
2018-08-24 16:20:38,706 INFO com.zaxxer.hikari.HikariDataSource [main] HikariPool-1 - Start completed.
2018-08-24 16:20:38,757 INFO org.springframework.orm.jpa.LocalContainerEntityManagerFactoryBean [main] Building JPA container EntityManagerFactory for persistence unit 'default'
2018-08-24 16:20:38,788 INFO org.hibernate.jpa.internal.util.LogHelper [main] HHH000204: Processing PersistenceUnitInfo [
	name: default
	...]
2018-08-24 16:20:38,980 INFO org.hibernate.Version [main] HHH000412: Hibernate Core {5.2.17.Final}
2018-08-24 16:20:38,982 INFO org.hibernate.cfg.Environment [main] HHH000206: hibernate.properties not found
2018-08-24 16:20:39,043 INFO org.hibernate.annotations.common.reflection.java.JavaReflectionManager [main] HCANN000001: Hibernate Commons Annotations {5.0.1.Final}
2018-08-24 16:20:39,213 INFO org.hibernate.dialect.Dialect [main] HHH000400: Using dialect: org.hibernate.dialect.MySQL5Dialect
2018-08-24 16:20:39,767 INFO org.springframework.orm.jpa.AbstractEntityManagerFactoryBean [main] Initialized JPA EntityManagerFactory for persistence unit 'default'
2018-08-24 16:20:40,228 INFO org.springframework.web.servlet.handler.AbstractUrlHandlerMapping [main] Mapped URL path [/**/favicon.ico] onto handler of type [class org.springframework.web.servlet.resource.ResourceHttpRequestHandler]
2018-08-24 16:20:40,540 INFO org.springframework.web.servlet.mvc.method.annotation.RequestMappingHandlerAdapter [main] Looking for @ControllerAdvice: org.springframework.boot.web.servlet.context.AnnotationConfigServletWebServerApplicationContext@3d51f06e: startup date [Fri Aug 24 16:20:34 IST 2018]; root of context hierarchy
2018-08-24 16:20:40,600 WARN org.springframework.boot.autoconfigure.orm.jpa.JpaBaseConfiguration$JpaWebConfiguration$JpaWebMvcConfiguration [main] spring.jpa.open-in-view is enabled by default. Therefore, database queries may be performed during view rendering. Explicitly configure spring.jpa.open-in-view to disable this warning
2018-08-24 16:20:40,684 INFO org.springframework.web.servlet.handler.AbstractHandlerMethodMapping$MappingRegistry [main] Mapped "{[/hello]}" onto public java.lang.String com.kishore.anant.course.controller.HelloController.getHello()
2018-08-24 16:20:40,687 INFO org.springframework.web.servlet.handler.AbstractHandlerMethodMapping$MappingRegistry [main] Mapped "{[/topics],methods=[POST]}" onto public com.kishore.anant.course.entity.Topic com.kishore.anant.course.controller.TopicController.addTopic(com.kishore.anant.course.entity.Topic)
2018-08-24 16:20:40,688 INFO org.springframework.web.servlet.handler.AbstractHandlerMethodMapping$MappingRegistry [main] Mapped "{[/topics/{topicId}]}" onto public com.kishore.anant.course.entity.Topic com.kishore.anant.course.controller.TopicController.getAllTopics(java.lang.Long)
2018-08-24 16:20:40,688 INFO org.springframework.web.servlet.handler.AbstractHandlerMethodMapping$MappingRegistry [main] Mapped "{[/topics]}" onto public java.util.List<com.kishore.anant.course.entity.Topic> com.kishore.anant.course.controller.TopicController.getAllTopics()
2018-08-24 16:20:40,689 INFO org.springframework.web.servlet.handler.AbstractHandlerMethodMapping$MappingRegistry [main] Mapped "{[/topics/{topicId}],methods=[PUT]}" onto public com.kishore.anant.course.entity.Topic com.kishore.anant.course.controller.TopicController.updateTopic(com.kishore.anant.course.entity.Topic,java.lang.Long)
2018-08-24 16:20:40,689 INFO org.springframework.web.servlet.handler.AbstractHandlerMethodMapping$MappingRegistry [main] Mapped "{[/topics/{topicId}],methods=[DELETE]}" onto public void com.kishore.anant.course.controller.TopicController.deleteTopic(java.lang.Long)
2018-08-24 16:20:40,694 INFO org.springframework.web.servlet.handler.AbstractHandlerMethodMapping$MappingRegistry [main] Mapped "{[/error]}" onto public org.springframework.http.ResponseEntity<java.util.Map<java.lang.String, java.lang.Object>> org.springframework.boot.autoconfigure.web.servlet.error.BasicErrorController.error(javax.servlet.http.HttpServletRequest)
2018-08-24 16:20:40,695 INFO org.springframework.web.servlet.handler.AbstractHandlerMethodMapping$MappingRegistry [main] Mapped "{[/error],produces=[text/html]}" onto public org.springframework.web.servlet.ModelAndView org.springframework.boot.autoconfigure.web.servlet.error.BasicErrorController.errorHtml(javax.servlet.http.HttpServletRequest,javax.servlet.http.HttpServletResponse)
2018-08-24 16:20:40,791 INFO org.springframework.web.servlet.handler.AbstractUrlHandlerMapping [main] Mapped URL path [/webjars/**] onto handler of type [class org.springframework.web.servlet.resource.ResourceHttpRequestHandler]
2018-08-24 16:20:40,791 INFO org.springframework.web.servlet.handler.AbstractUrlHandlerMapping [main] Mapped URL path [/**] onto handler of type [class org.springframework.web.servlet.resource.ResourceHttpRequestHandler]
2018-08-24 16:20:41,150 INFO org.springframework.jmx.export.MBeanExporter [main] Registering beans for JMX exposure on startup
2018-08-24 16:20:41,153 INFO org.springframework.jmx.export.MBeanExporter [main] Bean with name 'dataSource' has been autodetected for JMX exposure
2018-08-24 16:20:41,159 INFO org.springframework.jmx.export.MBeanExporter [main] Located MBean 'dataSource': registering with JMX server as MBean [com.zaxxer.hikari:name=dataSource,type=HikariDataSource]
2018-08-24 16:20:41,172 INFO org.apache.juli.logging.DirectJDKLog [main] Starting ProtocolHandler ["http-nio-8080"]
2018-08-24 16:20:41,202 INFO org.apache.juli.logging.DirectJDKLog [main] Using a shared selector for servlet write/read
2018-08-24 16:20:41,219 INFO org.springframework.boot.web.embedded.tomcat.TomcatWebServer [main] Tomcat started on port(s): 8080 (http) with context path ''
2018-08-24 16:20:41,224 INFO org.springframework.boot.StartupInfoLogger [main] Started CourseApiApp in 8.163 seconds (JVM running for 8.798)
2018-08-24 16:20:46,614 INFO org.springframework.context.support.AbstractApplicationContext [Thread-3] Closing org.springframework.boot.web.servlet.context.AnnotationConfigServletWebServerApplicationContext@3d51f06e: startup date [Fri Aug 24 16:20:34 IST 2018]; root of context hierarchy
2018-08-24 16:20:46,616 INFO org.springframework.jmx.export.MBeanExporter [Thread-3] Unregistering JMX-exposed beans on shutdown
2018-08-24 16:20:46,617 INFO org.springframework.jmx.support.MBeanRegistrationSupport [Thread-3] Unregistering JMX-exposed beans
2018-08-24 16:20:46,620 INFO org.springframework.orm.jpa.AbstractEntityManagerFactoryBean [Thread-3] Closing JPA EntityManagerFactory for persistence unit 'default'
2018-08-24 16:20:46,622 INFO com.zaxxer.hikari.HikariDataSource [Thread-3] HikariPool-1 - Shutdown initiated...
2018-08-24 16:20:46,631 INFO com.zaxxer.hikari.HikariDataSource [Thread-3] HikariPool-1 - Shutdown completed.
