2017-09-12 20:29:33,757 [Worker-21] INFO  o.e.m.i.launch.MavenLaunchDelegate - /Users/anakisho/git/traversal
2017-09-12 20:29:33,816 [Worker-21] INFO  o.e.m.i.launch.MavenLaunchDelegate -  mvn -B -s /Projects/ONAP/Softwares/apache-maven-3.5.0/settings.xml clean
2017-09-12 21:15:33,494 [Worker-25] INFO  o.e.m.i.launch.MavenLaunchDelegate - /Users/anakisho/git/traversal
2017-09-12 21:15:33,495 [Worker-25] INFO  o.e.m.i.launch.MavenLaunchDelegate -  mvn -B -s /Projects/ONAP/Softwares/apache-maven-3.5.0/settings.xml clean
2017-09-12 21:16:00,109 [Worker-22] WARN  o.e.m.c.i.embedder.EclipseLogger - Failure to transfer org.codehaus.groovy:groovy-eclipse-batch/maven-metadata.xml from http://repository.codehaus.org was cached in the local repository, resolution will not be reattempted until the update interval of codehaus.org has elapsed or updates are forced. Original error: Could not transfer metadata org.codehaus.groovy:groovy-eclipse-batch/maven-metadata.xml from/to codehaus.org (http://repository.codehaus.org): repository.codehaus.org: unknown error
2017-09-12 21:16:00,115 [Worker-22] WARN  o.e.m.c.i.embedder.EclipseLogger - Failure to transfer org.codehaus.groovy:groovy-eclipse-batch/maven-metadata.xml from http://nexus.codehaus.org/snapshots/ was cached in the local repository, resolution will not be reattempted until the update interval of codehaus-snapshots has elapsed or updates are forced. Original error: Could not transfer metadata org.codehaus.groovy:groovy-eclipse-batch/maven-metadata.xml from/to codehaus-snapshots (http://nexus.codehaus.org/snapshots/): nexus.codehaus.org: unknown error
2017-09-12 21:16:05,140 [Worker-22] INFO  o.e.m.c.i.e.AbstractTransferListenerAdapter - Downloading https://nexus.opendaylight.org/content/repositories/public/org/codehaus/groovy/groovy-eclipse-compiler/2.8.0-01/groovy-eclipse-compiler-2.8.0-01.pom
2017-09-12 21:16:05,867 [Worker-22] INFO  o.e.m.c.i.e.AbstractTransferListenerAdapter - Downloaded https://nexus.opendaylight.org/content/repositories/public/org/codehaus/groovy/groovy-eclipse-compiler/2.8.0-01/groovy-eclipse-compiler-2.8.0-01.pom
2017-09-12 21:16:27,388 [Worker-22] INFO  o.e.m.c.i.e.AbstractTransferListenerAdapter - Downloading https://nexus.opendaylight.org/content/repositories/public/org/slf4j/jcl-over-slf4j/1.7.21/jcl-over-slf4j-1.7.21.pom
2017-09-12 21:16:27,966 [Worker-22] INFO  o.e.m.c.i.e.AbstractTransferListenerAdapter - Downloaded https://nexus.opendaylight.org/content/repositories/public/org/slf4j/jcl-over-slf4j/1.7.21/jcl-over-slf4j-1.7.21.pom
2017-09-12 21:16:28,491 [Worker-22] INFO  o.e.m.c.i.e.AbstractTransferListenerAdapter - Downloading https://nexus.opendaylight.org/content/repositories/public/org/codehaus/groovy/groovy-all/2.4.3/groovy-all-2.4.3.pom
2017-09-12 21:16:29,201 [Worker-22] INFO  o.e.m.c.i.e.AbstractTransferListenerAdapter - Downloaded https://nexus.opendaylight.org/content/repositories/public/org/codehaus/groovy/groovy-all/2.4.3/groovy-all-2.4.3.pom
2017-09-12 21:16:29,853 [Worker-22] INFO  o.e.m.c.i.e.AbstractTransferListenerAdapter - Downloading https://nexus.opendaylight.org/content/repositories/public/org/eclipse/jetty/jetty-util/9.2.9.v20150224/jetty-util-9.2.9.v20150224.pom
2017-09-12 21:16:30,166 [Worker-22] INFO  o.e.m.c.i.e.AbstractTransferListenerAdapter - Downloaded https://nexus.opendaylight.org/content/repositories/public/org/eclipse/jetty/jetty-util/9.2.9.v20150224/jetty-util-9.2.9.v20150224.pom
2017-09-12 21:16:30,537 [Worker-22] INFO  o.e.m.c.i.e.AbstractTransferListenerAdapter - Downloading https://nexus.opendaylight.org/content/repositories/public/org/eclipse/jetty/jetty-project/9.2.9.v20150224/jetty-project-9.2.9.v20150224.pom
2017-09-12 21:16:31,331 [Worker-22] INFO  o.e.m.c.i.e.AbstractTransferListenerAdapter - Downloaded https://nexus.opendaylight.org/content/repositories/public/org/eclipse/jetty/jetty-project/9.2.9.v20150224/jetty-project-9.2.9.v20150224.pom
2017-09-12 21:16:32,170 [Worker-22] INFO  o.e.m.c.i.e.AbstractTransferListenerAdapter - Downloading https://nexus.opendaylight.org/content/repositories/public/com/att/aft/dme2/3.1.200/dme2-3.1.200.pom
2017-09-12 21:16:33,218 [Worker-22] INFO  o.e.m.c.i.e.AbstractTransferListenerAdapter - Downloaded https://nexus.opendaylight.org/content/repositories/public/com/att/aft/dme2/3.1.200/dme2-3.1.200.pom
2017-09-12 21:16:34,899 [Worker-22] INFO  o.e.m.c.i.e.AbstractTransferListenerAdapter - Downloading https://nexus.opendaylight.org/content/repositories/public/org/apache/camel/camel-core/2.15.5/camel-core-2.15.5.pom
2017-09-12 21:16:35,578 [Worker-22] INFO  o.e.m.c.i.e.AbstractTransferListenerAdapter - Downloaded https://nexus.opendaylight.org/content/repositories/public/org/apache/camel/camel-core/2.15.5/camel-core-2.15.5.pom
2017-09-12 21:16:36,069 [Worker-22] INFO  o.e.m.c.i.e.AbstractTransferListenerAdapter - Downloading https://nexus.opendaylight.org/content/repositories/public/org/apache/camel/camel-parent/2.15.5/camel-parent-2.15.5.pom
2017-09-12 21:16:36,894 [Worker-22] INFO  o.e.m.c.i.e.AbstractTransferListenerAdapter - Downloaded https://nexus.opendaylight.org/content/repositories/public/org/apache/camel/camel-parent/2.15.5/camel-parent-2.15.5.pom
2017-09-12 21:16:37,252 [Worker-22] INFO  o.e.m.c.i.e.AbstractTransferListenerAdapter - Downloading https://nexus.opendaylight.org/content/repositories/public/org/apache/camel/camel/2.15.5/camel-2.15.5.pom
2017-09-12 21:16:39,024 [Worker-22] INFO  o.e.m.c.i.e.AbstractTransferListenerAdapter - Downloaded https://nexus.opendaylight.org/content/repositories/public/org/apache/camel/camel/2.15.5/camel-2.15.5.pom
2017-09-12 21:16:40,393 [Worker-22] INFO  o.e.m.c.i.e.AbstractTransferListenerAdapter - Downloading https://nexus.opendaylight.org/content/repositories/public/org/optaplanner/optaplanner-bom/6.2.0.Final/optaplanner-bom-6.2.0.Final.pom
2017-09-12 21:16:40,704 [Worker-22] INFO  o.e.m.c.i.e.AbstractTransferListenerAdapter - Downloaded https://nexus.opendaylight.org/content/repositories/public/org/optaplanner/optaplanner-bom/6.2.0.Final/optaplanner-bom-6.2.0.Final.pom
2017-09-12 21:16:41,061 [Worker-22] INFO  o.e.m.c.i.e.AbstractTransferListenerAdapter - Downloading https://nexus.opendaylight.org/content/repositories/public/org/kie/kie-parent-metadata/6.2.0.Final/kie-parent-metadata-6.2.0.Final.pom
2017-09-12 21:16:42,219 [Worker-22] INFO  o.e.m.c.i.e.AbstractTransferListenerAdapter - Downloaded https://nexus.opendaylight.org/content/repositories/public/org/kie/kie-parent-metadata/6.2.0.Final/kie-parent-metadata-6.2.0.Final.pom
2017-09-12 21:16:42,688 [Worker-22] INFO  o.e.m.c.i.e.AbstractTransferListenerAdapter - Downloading https://nexus.opendaylight.org/content/repositories/public/org/jboss/integration-platform/jboss-integration-platform-parent/6.0.0.CR25/jboss-integration-platform-parent-6.0.0.CR25.pom
2017-09-12 21:16:43,766 [Worker-22] INFO  o.e.m.c.i.e.AbstractTransferListenerAdapter - Downloaded https://nexus.opendaylight.org/content/repositories/public/org/jboss/integration-platform/jboss-integration-platform-parent/6.0.0.CR25/jboss-integration-platform-parent-6.0.0.CR25.pom
2017-09-12 21:16:44,101 [Worker-22] INFO  o.e.m.c.i.e.AbstractTransferListenerAdapter - Downloading https://nexus.opendaylight.org/content/repositories/public/org/jboss/jboss-parent/16/jboss-parent-16.pom
2017-09-12 21:16:45,087 [Worker-22] INFO  o.e.m.c.i.e.AbstractTransferListenerAdapter - Downloaded https://nexus.opendaylight.org/content/repositories/public/org/jboss/jboss-parent/16/jboss-parent-16.pom
2017-09-12 21:16:45,650 [Worker-22] INFO  o.e.m.c.i.e.AbstractTransferListenerAdapter - Downloading https://nexus.opendaylight.org/content/repositories/public/com/sun/xml/bind/jaxb-core/2.2.11/jaxb-core-2.2.11.pom
2017-09-12 21:16:46,568 [Worker-22] INFO  o.e.m.c.i.e.AbstractTransferListenerAdapter - Downloaded https://nexus.opendaylight.org/content/repositories/public/com/sun/xml/bind/jaxb-core/2.2.11/jaxb-core-2.2.11.pom
2017-09-12 21:16:47,531 [Worker-22] INFO  o.e.m.c.i.e.AbstractTransferListenerAdapter - Downloading https://nexus.opendaylight.org/content/repositories/public/com/sun/xml/bind/mvn/jaxb-bundles/2.2.11/jaxb-bundles-2.2.11.pom
2017-09-12 21:16:47,845 [Worker-22] INFO  o.e.m.c.i.e.AbstractTransferListenerAdapter - Downloaded https://nexus.opendaylight.org/content/repositories/public/com/sun/xml/bind/mvn/jaxb-bundles/2.2.11/jaxb-bundles-2.2.11.pom
2017-09-12 21:16:50,205 [Worker-22] INFO  o.e.m.c.i.e.AbstractTransferListenerAdapter - Downloading https://nexus.opendaylight.org/content/repositories/public/com/sun/xml/bind/jaxb-impl/2.2.11/jaxb-impl-2.2.11.pom
2017-09-12 21:16:51,029 [Worker-22] INFO  o.e.m.c.i.e.AbstractTransferListenerAdapter - Downloaded https://nexus.opendaylight.org/content/repositories/public/com/sun/xml/bind/jaxb-impl/2.2.11/jaxb-impl-2.2.11.pom
2017-09-12 21:16:52,038 [Worker-22] INFO  o.e.m.c.i.e.AbstractTransferListenerAdapter - Downloading https://nexus.opendaylight.org/content/repositories/public/org/apache/camel/camel-quartz/2.15.5/camel-quartz-2.15.5.pom
2017-09-12 21:16:52,374 [Worker-22] INFO  o.e.m.c.i.e.AbstractTransferListenerAdapter - Downloaded https://nexus.opendaylight.org/content/repositories/public/org/apache/camel/camel-quartz/2.15.5/camel-quartz-2.15.5.pom
2017-09-12 21:16:52,747 [Worker-22] INFO  o.e.m.c.i.e.AbstractTransferListenerAdapter - Downloading https://nexus.opendaylight.org/content/repositories/public/org/apache/camel/components/2.15.5/components-2.15.5.pom
2017-09-12 21:16:53,684 [Worker-22] INFO  o.e.m.c.i.e.AbstractTransferListenerAdapter - Downloaded https://nexus.opendaylight.org/content/repositories/public/org/apache/camel/components/2.15.5/components-2.15.5.pom
2017-09-12 21:16:54,701 [Worker-22] INFO  o.e.m.c.i.e.AbstractTransferListenerAdapter - Downloading https://nexus.opendaylight.org/content/repositories/public/org/quartz-scheduler/quartz/1.8.6/quartz-1.8.6.pom
2017-09-12 21:16:55,124 [Worker-22] INFO  o.e.m.c.i.e.AbstractTransferListenerAdapter - Downloaded https://nexus.opendaylight.org/content/repositories/public/org/quartz-scheduler/quartz/1.8.6/quartz-1.8.6.pom
2017-09-12 21:16:55,521 [Worker-22] INFO  o.e.m.c.i.e.AbstractTransferListenerAdapter - Downloading https://nexus.opendaylight.org/content/repositories/public/org/quartz-scheduler/quartz-parent/1.8.6/quartz-parent-1.8.6.pom
2017-09-12 21:16:56,555 [Worker-22] INFO  o.e.m.c.i.e.AbstractTransferListenerAdapter - Downloaded https://nexus.opendaylight.org/content/repositories/public/org/quartz-scheduler/quartz-parent/1.8.6/quartz-parent-1.8.6.pom
2017-09-12 21:16:57,032 [Worker-22] INFO  o.e.m.c.i.e.AbstractTransferListenerAdapter - Downloading https://nexus.opendaylight.org/content/repositories/public/org/apache/camel/camel-spring/2.15.5/camel-spring-2.15.5.pom
2017-09-12 21:16:57,989 [Worker-22] INFO  o.e.m.c.i.e.AbstractTransferListenerAdapter - Downloaded https://nexus.opendaylight.org/content/repositories/public/org/apache/camel/camel-spring/2.15.5/camel-spring-2.15.5.pom
2017-09-12 21:16:59,273 [Worker-22] INFO  o.e.m.c.i.e.AbstractTransferListenerAdapter - Downloading https://nexus.opendaylight.org/content/repositories/public/org/springframework/spring-context/4.2.5.RELEASE/spring-context-4.2.5.RELEASE.pom
2017-09-12 21:16:59,627 [Worker-22] INFO  o.e.m.c.i.e.AbstractTransferListenerAdapter - Downloaded https://nexus.opendaylight.org/content/repositories/public/org/springframework/spring-context/4.2.5.RELEASE/spring-context-4.2.5.RELEASE.pom
2017-09-12 21:17:00,611 [Worker-22] INFO  o.e.m.c.i.e.AbstractTransferListenerAdapter - Downloading https://nexus.opendaylight.org/content/repositories/public/org/springframework/spring-aop/4.2.5.RELEASE/spring-aop-4.2.5.RELEASE.pom
2017-09-12 21:17:01,065 [Worker-22] INFO  o.e.m.c.i.e.AbstractTransferListenerAdapter - Downloaded https://nexus.opendaylight.org/content/repositories/public/org/springframework/spring-aop/4.2.5.RELEASE/spring-aop-4.2.5.RELEASE.pom
2017-09-12 21:17:01,869 [Worker-22] INFO  o.e.m.c.i.e.AbstractTransferListenerAdapter - Downloading https://nexus.opendaylight.org/content/repositories/public/org/springframework/spring-beans/4.2.5.RELEASE/spring-beans-4.2.5.RELEASE.pom
2017-09-12 21:17:02,294 [Worker-22] INFO  o.e.m.c.i.e.AbstractTransferListenerAdapter - Downloaded https://nexus.opendaylight.org/content/repositories/public/org/springframework/spring-beans/4.2.5.RELEASE/spring-beans-4.2.5.RELEASE.pom
2017-09-12 21:17:04,326 [Worker-22] INFO  o.e.m.c.i.e.AbstractTransferListenerAdapter - Downloading https://nexus.opendaylight.org/content/repositories/public/org/springframework/spring-core/4.2.5.RELEASE/spring-core-4.2.5.RELEASE.pom
2017-09-12 21:17:04,953 [Worker-22] INFO  o.e.m.c.i.e.AbstractTransferListenerAdapter - Downloaded https://nexus.opendaylight.org/content/repositories/public/org/springframework/spring-core/4.2.5.RELEASE/spring-core-4.2.5.RELEASE.pom
2017-09-12 21:17:06,714 [Worker-22] INFO  o.e.m.c.i.e.AbstractTransferListenerAdapter - Downloading https://nexus.opendaylight.org/content/repositories/public/org/springframework/spring-expression/4.2.5.RELEASE/spring-expression-4.2.5.RELEASE.pom
2017-09-12 21:17:07,080 [Worker-22] INFO  o.e.m.c.i.e.AbstractTransferListenerAdapter - Downloaded https://nexus.opendaylight.org/content/repositories/public/org/springframework/spring-expression/4.2.5.RELEASE/spring-expression-4.2.5.RELEASE.pom
2017-09-12 21:17:07,753 [Worker-22] INFO  o.e.m.c.i.e.AbstractTransferListenerAdapter - Downloading https://nexus.opendaylight.org/content/repositories/public/org/springframework/spring-tx/4.2.5.RELEASE/spring-tx-4.2.5.RELEASE.pom
2017-09-12 21:17:08,083 [Worker-22] INFO  o.e.m.c.i.e.AbstractTransferListenerAdapter - Downloaded https://nexus.opendaylight.org/content/repositories/public/org/springframework/spring-tx/4.2.5.RELEASE/spring-tx-4.2.5.RELEASE.pom
2017-09-12 21:17:08,831 [Worker-22] INFO  o.e.m.c.i.e.AbstractTransferListenerAdapter - Downloading https://nexus.opendaylight.org/content/repositories/public/org/restlet/jee/org.restlet.ext.spring/2.2.1/org.restlet.ext.spring-2.2.1.pom
2017-09-12 21:17:09,158 [Worker-22] INFO  o.e.m.c.i.e.AbstractTransferListenerAdapter - Downloaded https://nexus.opendaylight.org/content/repositories/public/org/restlet/jee/org.restlet.ext.spring/2.2.1/org.restlet.ext.spring-2.2.1.pom
2017-09-12 21:17:09,513 [Worker-22] INFO  o.e.m.c.i.e.AbstractTransferListenerAdapter - Downloading https://nexus.opendaylight.org/content/repositories/public/org/restlet/jee/org.restlet.parent/2.2.1/org.restlet.parent-2.2.1.pom
2017-09-12 21:17:10,496 [Worker-22] INFO  o.e.m.c.i.e.AbstractTransferListenerAdapter - Downloaded https://nexus.opendaylight.org/content/repositories/public/org/restlet/jee/org.restlet.parent/2.2.1/org.restlet.parent-2.2.1.pom
2017-09-12 21:17:11,700 [Worker-22] INFO  o.e.m.c.i.e.AbstractTransferListenerAdapter - Downloading https://nexus.opendaylight.org/content/repositories/public/org/springframework/spring-web/4.2.5.RELEASE/spring-web-4.2.5.RELEASE.pom
2017-09-12 21:17:12,323 [Worker-22] INFO  o.e.m.c.i.e.AbstractTransferListenerAdapter - Downloaded https://nexus.opendaylight.org/content/repositories/public/org/springframework/spring-web/4.2.5.RELEASE/spring-web-4.2.5.RELEASE.pom
2017-09-12 21:17:12,933 [Worker-22] INFO  o.e.m.c.i.e.AbstractTransferListenerAdapter - Downloading https://nexus.opendaylight.org/content/repositories/public/org/springframework/spring-webmvc/4.2.5.RELEASE/spring-webmvc-4.2.5.RELEASE.pom
2017-09-12 21:17:13,760 [Worker-22] INFO  o.e.m.c.i.e.AbstractTransferListenerAdapter - Downloaded https://nexus.opendaylight.org/content/repositories/public/org/springframework/spring-webmvc/4.2.5.RELEASE/spring-webmvc-4.2.5.RELEASE.pom
2017-09-12 21:17:14,157 [Worker-22] INFO  o.e.m.c.i.e.AbstractTransferListenerAdapter - Downloading https://nexus.opendaylight.org/content/repositories/public/org/restlet/jee/org.restlet/2.2.1/org.restlet-2.2.1.pom
2017-09-12 21:17:14,783 [Worker-22] INFO  o.e.m.c.i.e.AbstractTransferListenerAdapter - Downloaded https://nexus.opendaylight.org/content/repositories/public/org/restlet/jee/org.restlet/2.2.1/org.restlet-2.2.1.pom
2017-09-12 21:17:15,386 [Worker-22] INFO  o.e.m.c.i.e.AbstractTransferListenerAdapter - Downloading https://nexus.opendaylight.org/content/repositories/public/org/restlet/jee/org.restlet.ext.servlet/2.2.1/org.restlet.ext.servlet-2.2.1.pom
2017-09-12 21:17:16,054 [Worker-22] INFO  o.e.m.c.i.e.AbstractTransferListenerAdapter - Downloaded https://nexus.opendaylight.org/content/repositories/public/org/restlet/jee/org.restlet.ext.servlet/2.2.1/org.restlet.ext.servlet-2.2.1.pom
2017-09-12 21:17:17,032 [Worker-22] INFO  o.e.m.c.i.e.AbstractTransferListenerAdapter - Downloading https://nexus.opendaylight.org/content/repositories/public/org/apache/camel/camel-restlet/2.15.5/camel-restlet-2.15.5.pom
2017-09-12 21:17:17,543 [Worker-22] INFO  o.e.m.c.i.e.AbstractTransferListenerAdapter - Downloaded https://nexus.opendaylight.org/content/repositories/public/org/apache/camel/camel-restlet/2.15.5/camel-restlet-2.15.5.pom
2017-09-12 21:17:18,868 [Worker-22] INFO  o.e.m.c.i.e.AbstractTransferListenerAdapter - Downloading https://nexus.opendaylight.org/content/repositories/public/org/restlet/jee/org.restlet.ext.httpclient/2.2.3/org.restlet.ext.httpclient-2.2.3.pom
2017-09-12 21:17:19,405 [Worker-22] INFO  o.e.m.c.i.e.AbstractTransferListenerAdapter - Downloaded https://nexus.opendaylight.org/content/repositories/public/org/restlet/jee/org.restlet.ext.httpclient/2.2.3/org.restlet.ext.httpclient-2.2.3.pom
2017-09-12 21:17:20,053 [Worker-22] INFO  o.e.m.c.i.e.AbstractTransferListenerAdapter - Downloading https://nexus.opendaylight.org/content/repositories/public/org/restlet/jee/org.restlet.parent/2.2.3/org.restlet.parent-2.2.3.pom
2017-09-12 21:17:21,187 [Worker-22] INFO  o.e.m.c.i.e.AbstractTransferListenerAdapter - Downloaded https://nexus.opendaylight.org/content/repositories/public/org/restlet/jee/org.restlet.parent/2.2.3/org.restlet.parent-2.2.3.pom
2017-09-12 21:17:21,851 [Worker-22] INFO  o.e.m.c.i.e.AbstractTransferListenerAdapter - Downloading https://nexus.opendaylight.org/content/repositories/public/commons-codec/commons-codec/1.5/commons-codec-1.5.pom
2017-09-12 21:17:23,182 [Worker-22] INFO  o.e.m.c.i.e.AbstractTransferListenerAdapter - Downloaded https://nexus.opendaylight.org/content/repositories/public/commons-codec/commons-codec/1.5/commons-codec-1.5.pom
2017-09-12 21:17:24,125 [Worker-22] INFO  o.e.m.c.i.e.AbstractTransferListenerAdapter - Downloading https://nexus.opendaylight.org/content/repositories/public/org/apache/commons/commons-parent/20/commons-parent-20.pom
2017-09-12 21:17:24,814 [Worker-22] INFO  o.e.m.c.i.e.AbstractTransferListenerAdapter - Downloaded https://nexus.opendaylight.org/content/repositories/public/org/apache/commons/commons-parent/20/commons-parent-20.pom
2017-09-12 21:17:25,734 [Worker-22] INFO  o.e.m.c.i.e.AbstractTransferListenerAdapter - Downloading https://nexus.opendaylight.org/content/repositories/public/org/apache/httpcomponents/httpclient/4.3.2/httpclient-4.3.2.pom
2017-09-12 21:17:26,056 [Worker-22] INFO  o.e.m.c.i.e.AbstractTransferListenerAdapter - Downloaded https://nexus.opendaylight.org/content/repositories/public/org/apache/httpcomponents/httpclient/4.3.2/httpclient-4.3.2.pom
2017-09-12 21:17:26,842 [Worker-22] INFO  o.e.m.c.i.e.AbstractTransferListenerAdapter - Downloading https://nexus.opendaylight.org/content/repositories/public/org/apache/httpcomponents/httpcomponents-client/4.3.2/httpcomponents-client-4.3.2.pom
2017-09-12 21:17:28,099 [Worker-22] INFO  o.e.m.c.i.e.AbstractTransferListenerAdapter - Downloaded https://nexus.opendaylight.org/content/repositories/public/org/apache/httpcomponents/httpcomponents-client/4.3.2/httpcomponents-client-4.3.2.pom
2017-09-12 21:17:28,775 [Worker-22] INFO  o.e.m.c.i.e.AbstractTransferListenerAdapter - Downloading https://nexus.opendaylight.org/content/repositories/public/org/apache/httpcomponents/httpcore/4.3.1/httpcore-4.3.1.pom
2017-09-12 21:17:29,354 [Worker-22] INFO  o.e.m.c.i.e.AbstractTransferListenerAdapter - Downloaded https://nexus.opendaylight.org/content/repositories/public/org/apache/httpcomponents/httpcore/4.3.1/httpcore-4.3.1.pom
2017-09-12 21:17:29,956 [Worker-22] INFO  o.e.m.c.i.e.AbstractTransferListenerAdapter - Downloading https://nexus.opendaylight.org/content/repositories/public/org/apache/httpcomponents/httpcomponents-core/4.3.1/httpcomponents-core-4.3.1.pom
2017-09-12 21:17:31,169 [Worker-22] INFO  o.e.m.c.i.e.AbstractTransferListenerAdapter - Downloaded https://nexus.opendaylight.org/content/repositories/public/org/apache/httpcomponents/httpcomponents-core/4.3.1/httpcomponents-core-4.3.1.pom
2017-09-12 21:17:31,873 [Worker-22] INFO  o.e.m.c.i.e.AbstractTransferListenerAdapter - Downloading https://nexus.opendaylight.org/content/repositories/public/org/apache/httpcomponents/httpmime/4.3/httpmime-4.3.pom
2017-09-12 21:17:32,242 [Worker-22] INFO  o.e.m.c.i.e.AbstractTransferListenerAdapter - Downloaded https://nexus.opendaylight.org/content/repositories/public/org/apache/httpcomponents/httpmime/4.3/httpmime-4.3.pom
2017-09-12 21:17:32,874 [Worker-22] INFO  o.e.m.c.i.e.AbstractTransferListenerAdapter - Downloading https://nexus.opendaylight.org/content/repositories/public/org/apache/httpcomponents/httpcomponents-client/4.3/httpcomponents-client-4.3.pom
2017-09-12 21:17:34,362 [Worker-22] INFO  o.e.m.c.i.e.AbstractTransferListenerAdapter - Downloaded https://nexus.opendaylight.org/content/repositories/public/org/apache/httpcomponents/httpcomponents-client/4.3/httpcomponents-client-4.3.pom
2017-09-12 21:17:35,994 [Worker-22] INFO  o.e.m.c.i.e.AbstractTransferListenerAdapter - Downloading https://nexus.opendaylight.org/content/repositories/public/org/apache/httpcomponents/httpclient/4.3/httpclient-4.3.pom
2017-09-12 21:17:36,625 [Worker-22] INFO  o.e.m.c.i.e.AbstractTransferListenerAdapter - Downloaded https://nexus.opendaylight.org/content/repositories/public/org/apache/httpcomponents/httpclient/4.3/httpclient-4.3.pom
2017-09-12 21:17:37,950 [Worker-22] INFO  o.e.m.c.i.e.AbstractTransferListenerAdapter - Downloading https://nexus.opendaylight.org/content/repositories/public/net/jcip/jcip-annotations/1.0/jcip-annotations-1.0.pom
2017-09-12 21:17:38,292 [Worker-22] INFO  o.e.m.c.i.e.AbstractTransferListenerAdapter - Downloaded https://nexus.opendaylight.org/content/repositories/public/net/jcip/jcip-annotations/1.0/jcip-annotations-1.0.pom
2017-09-12 21:17:39,165 [Worker-22] INFO  o.e.m.c.i.e.AbstractTransferListenerAdapter - Downloading https://nexus.opendaylight.org/content/repositories/public/org/apache/james/apache-mime4j-core/0.7.2/apache-mime4j-core-0.7.2.pom
2017-09-12 21:17:39,503 [Worker-22] INFO  o.e.m.c.i.e.AbstractTransferListenerAdapter - Downloaded https://nexus.opendaylight.org/content/repositories/public/org/apache/james/apache-mime4j-core/0.7.2/apache-mime4j-core-0.7.2.pom
2017-09-12 21:17:39,863 [Worker-22] INFO  o.e.m.c.i.e.AbstractTransferListenerAdapter - Downloading https://nexus.opendaylight.org/content/repositories/public/org/apache/james/apache-mime4j-project/0.7.2/apache-mime4j-project-0.7.2.pom
2017-09-12 21:17:40,452 [Worker-22] INFO  o.e.m.c.i.e.AbstractTransferListenerAdapter - Downloaded https://nexus.opendaylight.org/content/repositories/public/org/apache/james/apache-mime4j-project/0.7.2/apache-mime4j-project-0.7.2.pom
2017-09-12 21:17:40,835 [Worker-22] INFO  o.e.m.c.i.e.AbstractTransferListenerAdapter - Downloading https://nexus.opendaylight.org/content/repositories/public/org/apache/james/james-project/1.8/james-project-1.8.pom
2017-09-12 21:17:41,935 [Worker-22] INFO  o.e.m.c.i.e.AbstractTransferListenerAdapter - Downloaded https://nexus.opendaylight.org/content/repositories/public/org/apache/james/james-project/1.8/james-project-1.8.pom
2017-09-12 21:17:44,856 [Worker-22] INFO  o.e.m.c.i.e.AbstractTransferListenerAdapter - Downloading https://nexus.opendaylight.org/content/repositories/public/org/apache/camel/camel-servlet/2.15.5/camel-servlet-2.15.5.pom
2017-09-12 21:17:45,299 [Worker-22] INFO  o.e.m.c.i.e.AbstractTransferListenerAdapter - Downloaded https://nexus.opendaylight.org/content/repositories/public/org/apache/camel/camel-servlet/2.15.5/camel-servlet-2.15.5.pom
2017-09-12 21:17:46,701 [Worker-22] INFO  o.e.m.c.i.e.AbstractTransferListenerAdapter - Downloading https://nexus.opendaylight.org/content/repositories/public/org/apache/camel/camel-http/2.15.5/camel-http-2.15.5.pom
2017-09-12 21:17:47,364 [Worker-22] INFO  o.e.m.c.i.e.AbstractTransferListenerAdapter - Downloaded https://nexus.opendaylight.org/content/repositories/public/org/apache/camel/camel-http/2.15.5/camel-http-2.15.5.pom
2017-09-12 21:17:47,955 [Worker-22] INFO  o.e.m.c.i.e.AbstractTransferListenerAdapter - Downloading https://nexus.opendaylight.org/content/repositories/public/commons-codec/commons-codec/1.10/commons-codec-1.10.pom
2017-09-12 21:17:49,192 [Worker-22] INFO  o.e.m.c.i.e.AbstractTransferListenerAdapter - Downloaded https://nexus.opendaylight.org/content/repositories/public/commons-codec/commons-codec/1.10/commons-codec-1.10.pom
2017-09-12 21:17:49,795 [Worker-22] INFO  o.e.m.c.i.e.AbstractTransferListenerAdapter - Downloading https://nexus.opendaylight.org/content/repositories/public/org/apache/commons/commons-parent/35/commons-parent-35.pom
2017-09-12 21:17:50,764 [Worker-22] INFO  o.e.m.c.i.e.AbstractTransferListenerAdapter - Downloaded https://nexus.opendaylight.org/content/repositories/public/org/apache/commons/commons-parent/35/commons-parent-35.pom
2017-09-12 21:17:51,991 [Worker-22] INFO  o.e.m.c.i.e.AbstractTransferListenerAdapter - Downloading https://nexus.opendaylight.org/content/repositories/public/org/apache/camel/camel-http4/2.15.5/camel-http4-2.15.5.pom
2017-09-12 21:17:52,413 [Worker-22] INFO  o.e.m.c.i.e.AbstractTransferListenerAdapter - Downloaded https://nexus.opendaylight.org/content/repositories/public/org/apache/camel/camel-http4/2.15.5/camel-http4-2.15.5.pom
2017-09-12 21:17:53,182 [Worker-22] INFO  o.e.m.c.i.e.AbstractTransferListenerAdapter - Downloading https://nexus.opendaylight.org/content/repositories/public/org/apache/geronimo/specs/geronimo-servlet_3.0_spec/1.0/geronimo-servlet_3.0_spec-1.0.pom
2017-09-12 21:17:53,696 [Worker-22] INFO  o.e.m.c.i.e.AbstractTransferListenerAdapter - Downloaded https://nexus.opendaylight.org/content/repositories/public/org/apache/geronimo/specs/geronimo-servlet_3.0_spec/1.0/geronimo-servlet_3.0_spec-1.0.pom
2017-09-12 21:17:55,751 [Worker-22] INFO  o.e.m.c.i.e.AbstractTransferListenerAdapter - Downloading https://nexus.opendaylight.org/content/repositories/public/org/apache/camel/camel-groovy/2.15.5/camel-groovy-2.15.5.pom
2017-09-12 21:17:56,154 [Worker-22] INFO  o.e.m.c.i.e.AbstractTransferListenerAdapter - Downloaded https://nexus.opendaylight.org/content/repositories/public/org/apache/camel/camel-groovy/2.15.5/camel-groovy-2.15.5.pom
2017-09-12 21:17:57,169 [Worker-22] INFO  o.e.m.c.i.e.AbstractTransferListenerAdapter - Downloading https://nexus.opendaylight.org/content/repositories/public/org/apache/camel/camel-twitter/2.15.5/camel-twitter-2.15.5.pom
2017-09-12 21:17:57,588 [Worker-22] INFO  o.e.m.c.i.e.AbstractTransferListenerAdapter - Downloaded https://nexus.opendaylight.org/content/repositories/public/org/apache/camel/camel-twitter/2.15.5/camel-twitter-2.15.5.pom
2017-09-12 21:17:58,192 [Worker-22] INFO  o.e.m.c.i.e.AbstractTransferListenerAdapter - Downloading https://nexus.opendaylight.org/content/repositories/public/org/twitter4j/twitter4j-core/4.0.3/twitter4j-core-4.0.3.pom
2017-09-12 21:17:59,229 [Worker-22] INFO  o.e.m.c.i.e.AbstractTransferListenerAdapter - Downloaded https://nexus.opendaylight.org/content/repositories/public/org/twitter4j/twitter4j-core/4.0.3/twitter4j-core-4.0.3.pom
2017-09-12 21:18:00,034 [Worker-22] INFO  o.e.m.c.i.e.AbstractTransferListenerAdapter - Downloading https://nexus.opendaylight.org/content/repositories/public/org/twitter4j/twitter4j-stream/4.0.3/twitter4j-stream-4.0.3.pom
2017-09-12 21:18:00,626 [Worker-22] INFO  o.e.m.c.i.e.AbstractTransferListenerAdapter - Downloaded https://nexus.opendaylight.org/content/repositories/public/org/twitter4j/twitter4j-stream/4.0.3/twitter4j-stream-4.0.3.pom
2017-09-12 21:18:01,783 [Worker-22] INFO  o.e.m.c.i.e.AbstractTransferListenerAdapter - Downloading https://nexus.opendaylight.org/content/repositories/public/org/apache/camel/camel-mail/2.15.5/camel-mail-2.15.5.pom
2017-09-12 21:18:02,120 [Worker-22] INFO  o.e.m.c.i.e.AbstractTransferListenerAdapter - Downloaded https://nexus.opendaylight.org/content/repositories/public/org/apache/camel/camel-mail/2.15.5/camel-mail-2.15.5.pom
2017-09-12 21:18:02,821 [Worker-22] INFO  o.e.m.c.i.e.AbstractTransferListenerAdapter - Downloading https://nexus.opendaylight.org/content/repositories/public/javax/mail/mail/1.4.7/mail-1.4.7.pom
2017-09-12 21:18:03,132 [Worker-22] INFO  o.e.m.c.i.e.AbstractTransferListenerAdapter - Downloaded https://nexus.opendaylight.org/content/repositories/public/javax/mail/mail/1.4.7/mail-1.4.7.pom
2017-09-12 21:18:03,566 [Worker-22] INFO  o.e.m.c.i.e.AbstractTransferListenerAdapter - Downloading https://nexus.opendaylight.org/content/repositories/public/com/sun/mail/all/1.4.7/all-1.4.7.pom
2017-09-12 21:18:04,171 [Worker-22] INFO  o.e.m.c.i.e.AbstractTransferListenerAdapter - Downloaded https://nexus.opendaylight.org/content/repositories/public/com/sun/mail/all/1.4.7/all-1.4.7.pom
2017-09-12 21:18:04,907 [Worker-22] INFO  o.e.m.c.i.e.AbstractTransferListenerAdapter - Downloading https://nexus.opendaylight.org/content/repositories/public/org/apache/camel/camel-smpp/2.15.5/camel-smpp-2.15.5.pom
2017-09-12 21:18:05,297 [Worker-22] INFO  o.e.m.c.i.e.AbstractTransferListenerAdapter - Downloaded https://nexus.opendaylight.org/content/repositories/public/org/apache/camel/camel-smpp/2.15.5/camel-smpp-2.15.5.pom
2017-09-12 21:18:05,803 [Worker-22] INFO  o.e.m.c.i.e.AbstractTransferListenerAdapter - Downloading https://nexus.opendaylight.org/content/repositories/public/org/jsmpp/jsmpp/2.1.1/jsmpp-2.1.1.pom
2017-09-12 21:18:06,639 [Worker-22] INFO  o.e.m.c.i.e.AbstractTransferListenerAdapter - Downloaded https://nexus.opendaylight.org/content/repositories/public/org/jsmpp/jsmpp/2.1.1/jsmpp-2.1.1.pom
2017-09-12 21:18:07,416 [Worker-22] INFO  o.e.m.c.i.e.AbstractTransferListenerAdapter - Downloading https://nexus.opendaylight.org/content/repositories/public/org/apache/camel/camel-jms/2.15.5/camel-jms-2.15.5.pom
2017-09-12 21:18:07,740 [Worker-22] INFO  o.e.m.c.i.e.AbstractTransferListenerAdapter - Downloaded https://nexus.opendaylight.org/content/repositories/public/org/apache/camel/camel-jms/2.15.5/camel-jms-2.15.5.pom
2017-09-12 21:18:08,657 [Worker-22] INFO  o.e.m.c.i.e.AbstractTransferListenerAdapter - Downloading https://nexus.opendaylight.org/content/repositories/public/org/springframework/spring-jms/4.1.6.RELEASE/spring-jms-4.1.6.RELEASE.pom
2017-09-12 21:18:09,054 [Worker-22] INFO  o.e.m.c.i.e.AbstractTransferListenerAdapter - Downloaded https://nexus.opendaylight.org/content/repositories/public/org/springframework/spring-jms/4.1.6.RELEASE/spring-jms-4.1.6.RELEASE.pom
2017-09-12 21:18:09,744 [Worker-22] INFO  o.e.m.c.i.e.AbstractTransferListenerAdapter - Downloading https://nexus.opendaylight.org/content/repositories/public/org/springframework/spring-messaging/4.1.6.RELEASE/spring-messaging-4.1.6.RELEASE.pom
2017-09-12 21:18:10,102 [Worker-22] INFO  o.e.m.c.i.e.AbstractTransferListenerAdapter - Downloaded https://nexus.opendaylight.org/content/repositories/public/org/springframework/spring-messaging/4.1.6.RELEASE/spring-messaging-4.1.6.RELEASE.pom
2017-09-12 21:18:10,684 [Worker-22] INFO  o.e.m.c.i.e.AbstractTransferListenerAdapter - Downloading https://nexus.opendaylight.org/content/repositories/public/org/apache/camel/camel-script/2.15.5/camel-script-2.15.5.pom
2017-09-12 21:18:12,281 [Worker-22] INFO  o.e.m.c.i.e.AbstractTransferListenerAdapter - Downloaded https://nexus.opendaylight.org/content/repositories/public/org/apache/camel/camel-script/2.15.5/camel-script-2.15.5.pom
2017-09-12 21:18:13,154 [Worker-22] INFO  o.e.m.c.i.e.AbstractTransferListenerAdapter - Downloading https://nexus.opendaylight.org/content/repositories/public/org/apache/camel/camel-xmpp/2.15.5/camel-xmpp-2.15.5.pom
2017-09-12 21:18:13,473 [Worker-22] INFO  o.e.m.c.i.e.AbstractTransferListenerAdapter - Downloaded https://nexus.opendaylight.org/content/repositories/public/org/apache/camel/camel-xmpp/2.15.5/camel-xmpp-2.15.5.pom
2017-09-12 21:18:14,301 [Worker-22] INFO  o.e.m.c.i.e.AbstractTransferListenerAdapter - Downloading https://nexus.opendaylight.org/content/repositories/public/org/igniterealtime/smack/smack-core/4.0.7/smack-core-4.0.7.pom
2017-09-12 21:18:14,793 [Worker-22] INFO  o.e.m.c.i.e.AbstractTransferListenerAdapter - Downloaded https://nexus.opendaylight.org/content/repositories/public/org/igniterealtime/smack/smack-core/4.0.7/smack-core-4.0.7.pom
2017-09-12 21:18:15,742 [Worker-22] INFO  o.e.m.c.i.e.AbstractTransferListenerAdapter - Downloading https://nexus.opendaylight.org/content/repositories/public/xpp3/xpp3/1.1.4c/xpp3-1.1.4c.pom
2017-09-12 21:18:16,297 [Worker-22] INFO  o.e.m.c.i.e.AbstractTransferListenerAdapter - Downloaded https://nexus.opendaylight.org/content/repositories/public/xpp3/xpp3/1.1.4c/xpp3-1.1.4c.pom
2017-09-12 21:18:17,442 [Worker-22] INFO  o.e.m.c.i.e.AbstractTransferListenerAdapter - Downloading https://nexus.opendaylight.org/content/repositories/public/org/igniterealtime/smack/smack-extensions/4.0.7/smack-extensions-4.0.7.pom
2017-09-12 21:18:17,762 [Worker-22] INFO  o.e.m.c.i.e.AbstractTransferListenerAdapter - Downloaded https://nexus.opendaylight.org/content/repositories/public/org/igniterealtime/smack/smack-extensions/4.0.7/smack-extensions-4.0.7.pom
2017-09-12 21:18:18,364 [Worker-22] INFO  o.e.m.c.i.e.AbstractTransferListenerAdapter - Downloading https://nexus.opendaylight.org/content/repositories/public/org/igniterealtime/smack/smack-tcp/4.0.7/smack-tcp-4.0.7.pom
2017-09-12 21:18:18,667 [Worker-22] INFO  o.e.m.c.i.e.AbstractTransferListenerAdapter - Downloaded https://nexus.opendaylight.org/content/repositories/public/org/igniterealtime/smack/smack-tcp/4.0.7/smack-tcp-4.0.7.pom
2017-09-12 21:18:19,899 [Worker-22] INFO  o.e.m.c.i.e.AbstractTransferListenerAdapter - Downloading https://nexus.opendaylight.org/content/repositories/public/org/apache/camel/camel-velocity/2.15.5/camel-velocity-2.15.5.pom
2017-09-12 21:18:20,323 [Worker-22] INFO  o.e.m.c.i.e.AbstractTransferListenerAdapter - Downloaded https://nexus.opendaylight.org/content/repositories/public/org/apache/camel/camel-velocity/2.15.5/camel-velocity-2.15.5.pom
2017-09-12 21:18:20,704 [Worker-22] INFO  o.e.m.c.i.e.AbstractTransferListenerAdapter - Downloading https://nexus.opendaylight.org/content/repositories/public/org/apache/velocity/velocity/1.7/velocity-1.7.pom
2017-09-12 21:18:21,437 [Worker-22] INFO  o.e.m.c.i.e.AbstractTransferListenerAdapter - Downloaded https://nexus.opendaylight.org/content/repositories/public/org/apache/velocity/velocity/1.7/velocity-1.7.pom
2017-09-12 21:18:23,176 [Worker-22] INFO  o.e.m.c.i.e.AbstractTransferListenerAdapter - Downloading https://nexus.opendaylight.org/content/repositories/public/org/springframework/security/oauth/spring-security-oauth2/1.0.5.RELEASE/spring-security-oauth2-1.0.5.RELEASE.pom
2017-09-12 21:18:23,791 [Worker-22] INFO  o.e.m.c.i.e.AbstractTransferListenerAdapter - Downloaded https://nexus.opendaylight.org/content/repositories/public/org/springframework/security/oauth/spring-security-oauth2/1.0.5.RELEASE/spring-security-oauth2-1.0.5.RELEASE.pom
2017-09-12 21:18:26,287 [Worker-22] INFO  o.e.m.c.i.e.AbstractTransferListenerAdapter - Downloading https://nexus.opendaylight.org/content/repositories/public/org/springframework/security/oauth/spring-security-oauth-parent/1.0.5.RELEASE/spring-security-oauth-parent-1.0.5.RELEASE.pom
2017-09-12 21:18:27,900 [Worker-22] INFO  o.e.m.c.i.e.AbstractTransferListenerAdapter - Downloaded https://nexus.opendaylight.org/content/repositories/public/org/springframework/security/oauth/spring-security-oauth-parent/1.0.5.RELEASE/spring-security-oauth-parent-1.0.5.RELEASE.pom
2017-09-12 21:18:28,914 [Worker-22] INFO  o.e.m.c.i.e.AbstractTransferListenerAdapter - Downloading https://nexus.opendaylight.org/content/repositories/public/org/springframework/security/spring-security-core/4.0.4.RELEASE/spring-security-core-4.0.4.RELEASE.pom
2017-09-12 21:18:30,152 [Worker-22] INFO  o.e.m.c.i.e.AbstractTransferListenerAdapter - Downloaded https://nexus.opendaylight.org/content/repositories/public/org/springframework/security/spring-security-core/4.0.4.RELEASE/spring-security-core-4.0.4.RELEASE.pom
2017-09-12 21:18:31,369 [Worker-22] INFO  o.e.m.c.i.e.AbstractTransferListenerAdapter - Downloading https://nexus.opendaylight.org/content/repositories/public/org/springframework/spring-framework-bom/4.2.5.RELEASE/spring-framework-bom-4.2.5.RELEASE.pom
2017-09-12 21:18:31,694 [Worker-22] INFO  o.e.m.c.i.e.AbstractTransferListenerAdapter - Downloaded https://nexus.opendaylight.org/content/repositories/public/org/springframework/spring-framework-bom/4.2.5.RELEASE/spring-framework-bom-4.2.5.RELEASE.pom
2017-09-12 21:18:32,049 [Worker-22] INFO  o.e.m.c.i.e.AbstractTransferListenerAdapter - Downloading https://nexus.opendaylight.org/content/repositories/public/org/springframework/security/spring-security-config/4.0.4.RELEASE/spring-security-config-4.0.4.RELEASE.pom
2017-09-12 21:18:32,919 [Worker-22] INFO  o.e.m.c.i.e.AbstractTransferListenerAdapter - Downloaded https://nexus.opendaylight.org/content/repositories/public/org/springframework/security/spring-security-config/4.0.4.RELEASE/spring-security-config-4.0.4.RELEASE.pom
2017-09-12 21:18:33,622 [Worker-22] INFO  o.e.m.c.i.e.AbstractTransferListenerAdapter - Downloading https://nexus.opendaylight.org/content/repositories/public/org/springframework/security/spring-security-web/4.0.4.RELEASE/spring-security-web-4.0.4.RELEASE.pom
2017-09-12 21:18:34,250 [Worker-22] INFO  o.e.m.c.i.e.AbstractTransferListenerAdapter - Downloaded https://nexus.opendaylight.org/content/repositories/public/org/springframework/security/spring-security-web/4.0.4.RELEASE/spring-security-web-4.0.4.RELEASE.pom
2017-09-12 21:18:36,898 [Worker-22] INFO  o.e.m.c.i.e.AbstractTransferListenerAdapter - Downloading https://nexus.opendaylight.org/content/repositories/public/org/springframework/spring-jmx/2.0.8/spring-jmx-2.0.8.pom
2017-09-12 21:18:37,522 [Worker-22] INFO  o.e.m.c.i.e.AbstractTransferListenerAdapter - Downloaded https://nexus.opendaylight.org/content/repositories/public/org/springframework/spring-jmx/2.0.8/spring-jmx-2.0.8.pom
2017-09-12 21:18:38,047 [Worker-22] INFO  o.e.m.c.i.e.AbstractTransferListenerAdapter - Downloading https://nexus.opendaylight.org/content/repositories/public/bsh/bsh/1.3.0/bsh-1.3.0.pom
2017-09-12 21:18:38,545 [Worker-22] INFO  o.e.m.c.i.e.AbstractTransferListenerAdapter - Downloaded https://nexus.opendaylight.org/content/repositories/public/bsh/bsh/1.3.0/bsh-1.3.0.pom
2017-09-12 21:18:39,768 [Worker-22] INFO  o.e.m.c.i.e.AbstractTransferListenerAdapter - Downloading https://nexus.opendaylight.org/content/repositories/public/org/grails/grails-spring/2.3.1/grails-spring-2.3.1.pom
2017-09-12 21:18:40,393 [Worker-22] INFO  o.e.m.c.i.e.AbstractTransferListenerAdapter - Downloaded https://nexus.opendaylight.org/content/repositories/public/org/grails/grails-spring/2.3.1/grails-spring-2.3.1.pom
2017-09-12 21:18:41,179 [Worker-22] INFO  o.e.m.c.i.e.AbstractTransferListenerAdapter - Downloading https://nexus.opendaylight.org/content/repositories/public/org/grails/grails-bootstrap/2.3.1/grails-bootstrap-2.3.1.pom
2017-09-12 21:18:41,621 [Worker-22] INFO  o.e.m.c.i.e.AbstractTransferListenerAdapter - Downloaded https://nexus.opendaylight.org/content/repositories/public/org/grails/grails-bootstrap/2.3.1/grails-bootstrap-2.3.1.pom
2017-09-12 21:18:42,054 [Worker-22] INFO  o.e.m.c.i.e.AbstractTransferListenerAdapter - Downloading https://nexus.opendaylight.org/content/repositories/public/org/apache/camel/camel-cxf/2.15.5/camel-cxf-2.15.5.pom
2017-09-12 21:18:42,851 [Worker-22] INFO  o.e.m.c.i.e.AbstractTransferListenerAdapter - Downloaded https://nexus.opendaylight.org/content/repositories/public/org/apache/camel/camel-cxf/2.15.5/camel-cxf-2.15.5.pom
2017-09-12 21:18:43,524 [Worker-22] INFO  o.e.m.c.i.e.AbstractTransferListenerAdapter - Downloading https://nexus.opendaylight.org/content/repositories/public/org/apache/camel/camel-cxf-transport/2.15.5/camel-cxf-transport-2.15.5.pom
2017-09-12 21:18:43,831 [Worker-22] INFO  o.e.m.c.i.e.AbstractTransferListenerAdapter - Downloaded https://nexus.opendaylight.org/content/repositories/public/org/apache/camel/camel-cxf-transport/2.15.5/camel-cxf-transport-2.15.5.pom
2017-09-12 21:18:44,698 [Worker-22] INFO  o.e.m.c.i.e.AbstractTransferListenerAdapter - Downloading https://nexus.opendaylight.org/content/repositories/public/org/apache/cxf/cxf-rt-bindings-soap/3.0.6/cxf-rt-bindings-soap-3.0.6.pom
2017-09-12 21:18:45,104 [Worker-22] INFO  o.e.m.c.i.e.AbstractTransferListenerAdapter - Downloaded https://nexus.opendaylight.org/content/repositories/public/org/apache/cxf/cxf-rt-bindings-soap/3.0.6/cxf-rt-bindings-soap-3.0.6.pom
2017-09-12 21:18:45,503 [Worker-22] INFO  o.e.m.c.i.e.AbstractTransferListenerAdapter - Downloading https://nexus.opendaylight.org/content/repositories/public/org/apache/cxf/cxf-parent/3.0.6/cxf-parent-3.0.6.pom
2017-09-12 21:18:46,945 [Worker-22] INFO  o.e.m.c.i.e.AbstractTransferListenerAdapter - Downloaded https://nexus.opendaylight.org/content/repositories/public/org/apache/cxf/cxf-parent/3.0.6/cxf-parent-3.0.6.pom
2017-09-12 21:18:47,298 [Worker-22] INFO  o.e.m.c.i.e.AbstractTransferListenerAdapter - Downloading https://nexus.opendaylight.org/content/repositories/public/org/apache/cxf/cxf/3.0.6/cxf-3.0.6.pom
2017-09-12 21:18:47,953 [Worker-22] INFO  o.e.m.c.i.e.AbstractTransferListenerAdapter - Downloaded https://nexus.opendaylight.org/content/repositories/public/org/apache/cxf/cxf/3.0.6/cxf-3.0.6.pom
2017-09-12 21:18:48,307 [Worker-22] INFO  o.e.m.c.i.e.AbstractTransferListenerAdapter - Downloading https://nexus.opendaylight.org/content/repositories/public/org/apache/cxf/cxf-core/3.0.6/cxf-core-3.0.6.pom
2017-09-12 21:18:48,995 [Worker-22] INFO  o.e.m.c.i.e.AbstractTransferListenerAdapter - Downloaded https://nexus.opendaylight.org/content/repositories/public/org/apache/cxf/cxf-core/3.0.6/cxf-core-3.0.6.pom
2017-09-12 21:18:51,214 [Worker-22] INFO  o.e.m.c.i.e.AbstractTransferListenerAdapter - Downloading https://nexus.opendaylight.org/content/repositories/public/org/apache/cxf/cxf-rt-wsdl/3.0.6/cxf-rt-wsdl-3.0.6.pom
2017-09-12 21:18:51,556 [Worker-22] INFO  o.e.m.c.i.e.AbstractTransferListenerAdapter - Downloaded https://nexus.opendaylight.org/content/repositories/public/org/apache/cxf/cxf-rt-wsdl/3.0.6/cxf-rt-wsdl-3.0.6.pom
2017-09-12 21:18:52,224 [Worker-22] INFO  o.e.m.c.i.e.AbstractTransferListenerAdapter - Downloading https://nexus.opendaylight.org/content/repositories/public/wsdl4j/wsdl4j/1.6.3/wsdl4j-1.6.3.pom
2017-09-12 21:18:52,529 [Worker-22] INFO  o.e.m.c.i.e.AbstractTransferListenerAdapter - Downloaded https://nexus.opendaylight.org/content/repositories/public/wsdl4j/wsdl4j/1.6.3/wsdl4j-1.6.3.pom
2017-09-12 21:18:53,813 [Worker-22] INFO  o.e.m.c.i.e.AbstractTransferListenerAdapter - Downloading https://nexus.opendaylight.org/content/repositories/public/org/apache/cxf/cxf-rt-databinding-jaxb/3.0.6/cxf-rt-databinding-jaxb-3.0.6.pom
2017-09-12 21:18:54,109 [Worker-22] INFO  o.e.m.c.i.e.AbstractTransferListenerAdapter - Downloaded https://nexus.opendaylight.org/content/repositories/public/org/apache/cxf/cxf-rt-databinding-jaxb/3.0.6/cxf-rt-databinding-jaxb-3.0.6.pom
2017-09-12 21:18:54,616 [Worker-22] INFO  o.e.m.c.i.e.AbstractTransferListenerAdapter - Downloading https://nexus.opendaylight.org/content/repositories/public/org/apache/cxf/cxf-rt-frontend-jaxrs/3.0.6/cxf-rt-frontend-jaxrs-3.0.6.pom
2017-09-12 21:18:55,936 [Worker-22] INFO  o.e.m.c.i.e.AbstractTransferListenerAdapter - Downloaded https://nexus.opendaylight.org/content/repositories/public/org/apache/cxf/cxf-rt-frontend-jaxrs/3.0.6/cxf-rt-frontend-jaxrs-3.0.6.pom
2017-09-12 21:18:57,625 [Worker-22] INFO  o.e.m.c.i.e.AbstractTransferListenerAdapter - Downloading https://nexus.opendaylight.org/content/repositories/public/org/apache/cxf/cxf-rt-transports-http/3.0.6/cxf-rt-transports-http-3.0.6.pom
2017-09-12 21:18:58,415 [Worker-22] INFO  o.e.m.c.i.e.AbstractTransferListenerAdapter - Downloaded https://nexus.opendaylight.org/content/repositories/public/org/apache/cxf/cxf-rt-transports-http/3.0.6/cxf-rt-transports-http-3.0.6.pom
2017-09-12 21:18:58,765 [Worker-22] INFO  o.e.m.c.i.e.AbstractTransferListenerAdapter - Downloading https://nexus.opendaylight.org/content/repositories/public/org/apache/cxf/cxf-rt-frontend-jaxws/3.0.6/cxf-rt-frontend-jaxws-3.0.6.pom
2017-09-12 21:18:59,583 [Worker-22] INFO  o.e.m.c.i.e.AbstractTransferListenerAdapter - Downloaded https://nexus.opendaylight.org/content/repositories/public/org/apache/cxf/cxf-rt-frontend-jaxws/3.0.6/cxf-rt-frontend-jaxws-3.0.6.pom
2017-09-12 21:19:01,271 [Worker-22] INFO  o.e.m.c.i.e.AbstractTransferListenerAdapter - Downloading https://nexus.opendaylight.org/content/repositories/public/org/apache/cxf/cxf-rt-bindings-xml/3.0.6/cxf-rt-bindings-xml-3.0.6.pom
2017-09-12 21:19:01,631 [Worker-22] INFO  o.e.m.c.i.e.AbstractTransferListenerAdapter - Downloaded https://nexus.opendaylight.org/content/repositories/public/org/apache/cxf/cxf-rt-bindings-xml/3.0.6/cxf-rt-bindings-xml-3.0.6.pom
2017-09-12 21:19:02,239 [Worker-22] INFO  o.e.m.c.i.e.AbstractTransferListenerAdapter - Downloading https://nexus.opendaylight.org/content/repositories/public/org/apache/cxf/cxf-rt-frontend-simple/3.0.6/cxf-rt-frontend-simple-3.0.6.pom
2017-09-12 21:19:02,696 [Worker-22] INFO  o.e.m.c.i.e.AbstractTransferListenerAdapter - Downloaded https://nexus.opendaylight.org/content/repositories/public/org/apache/cxf/cxf-rt-frontend-simple/3.0.6/cxf-rt-frontend-simple-3.0.6.pom
2017-09-12 21:19:03,406 [Worker-22] INFO  o.e.m.c.i.e.AbstractTransferListenerAdapter - Downloading https://nexus.opendaylight.org/content/repositories/public/org/apache/cxf/cxf-rt-ws-addr/3.0.6/cxf-rt-ws-addr-3.0.6.pom
2017-09-12 21:19:03,734 [Worker-22] INFO  o.e.m.c.i.e.AbstractTransferListenerAdapter - Downloaded https://nexus.opendaylight.org/content/repositories/public/org/apache/cxf/cxf-rt-ws-addr/3.0.6/cxf-rt-ws-addr-3.0.6.pom
2017-09-12 21:19:04,085 [Worker-22] INFO  o.e.m.c.i.e.AbstractTransferListenerAdapter - Downloading https://nexus.opendaylight.org/content/repositories/public/org/apache/cxf/cxf-rt-ws-policy/3.0.6/cxf-rt-ws-policy-3.0.6.pom
2017-09-12 21:19:04,968 [Worker-22] INFO  o.e.m.c.i.e.AbstractTransferListenerAdapter - Downloaded https://nexus.opendaylight.org/content/repositories/public/org/apache/cxf/cxf-rt-ws-policy/3.0.6/cxf-rt-ws-policy-3.0.6.pom
2017-09-12 21:19:05,369 [Worker-22] INFO  o.e.m.c.i.e.AbstractTransferListenerAdapter - Downloading https://nexus.opendaylight.org/content/repositories/public/org/apache/neethi/neethi/3.0.3/neethi-3.0.3.pom
2017-09-12 21:19:06,205 [Worker-22] INFO  o.e.m.c.i.e.AbstractTransferListenerAdapter - Downloaded https://nexus.opendaylight.org/content/repositories/public/org/apache/neethi/neethi/3.0.3/neethi-3.0.3.pom
2017-09-12 21:19:07,230 [Worker-22] INFO  o.e.m.c.i.e.AbstractTransferListenerAdapter - Downloading https://nexus.opendaylight.org/content/repositories/public/org/apache/cxf/cxf-rt-rs-security-oauth/3.0.6/cxf-rt-rs-security-oauth-3.0.6.pom
2017-09-12 21:19:07,666 [Worker-22] INFO  o.e.m.c.i.e.AbstractTransferListenerAdapter - Downloaded https://nexus.opendaylight.org/content/repositories/public/org/apache/cxf/cxf-rt-rs-security-oauth/3.0.6/cxf-rt-rs-security-oauth-3.0.6.pom
2017-09-12 21:19:08,264 [Worker-22] INFO  o.e.m.c.i.e.AbstractTransferListenerAdapter - Downloading https://nexus.opendaylight.org/content/repositories/public/org/apache/cxf/cxf-rt-rs-security-oauth-parent/3.0.6/cxf-rt-rs-security-oauth-parent-3.0.6.pom
2017-09-12 21:19:08,726 [Worker-22] INFO  o.e.m.c.i.e.AbstractTransferListenerAdapter - Downloaded https://nexus.opendaylight.org/content/repositories/public/org/apache/cxf/cxf-rt-rs-security-oauth-parent/3.0.6/cxf-rt-rs-security-oauth-parent-3.0.6.pom
2017-09-12 21:19:09,574 [Worker-22] INFO  o.e.m.c.i.e.AbstractTransferListenerAdapter - Downloading https://nexus.opendaylight.org/content/repositories/public/org/apache/cxf/cxf-rt-rs-client/3.0.6/cxf-rt-rs-client-3.0.6.pom
2017-09-12 21:19:10,089 [Worker-22] INFO  o.e.m.c.i.e.AbstractTransferListenerAdapter - Downloaded https://nexus.opendaylight.org/content/repositories/public/org/apache/cxf/cxf-rt-rs-client/3.0.6/cxf-rt-rs-client-3.0.6.pom
2017-09-12 21:19:10,693 [Worker-22] INFO  o.e.m.c.i.e.AbstractTransferListenerAdapter - Downloading https://nexus.opendaylight.org/content/repositories/public/net/oauth/core/oauth-provider/20100527/oauth-provider-20100527.pom
2017-09-12 21:19:11,118 [Worker-22] INFO  o.e.m.c.i.e.AbstractTransferListenerAdapter - Downloaded https://nexus.opendaylight.org/content/repositories/public/net/oauth/core/oauth-provider/20100527/oauth-provider-20100527.pom
2017-09-12 21:19:13,568 [Worker-22] INFO  o.e.m.c.i.e.AbstractTransferListenerAdapter - Downloading https://nexus.opendaylight.org/content/repositories/public/net/oauth/core/oauth-core-parent/20090531/oauth-core-parent-20090531.pom
2017-09-12 21:19:13,905 [Worker-22] INFO  o.e.m.c.i.e.AbstractTransferListenerAdapter - Downloaded https://nexus.opendaylight.org/content/repositories/public/net/oauth/core/oauth-core-parent/20090531/oauth-core-parent-20090531.pom
2017-09-12 21:19:14,993 [Worker-22] INFO  o.e.m.c.i.e.AbstractTransferListenerAdapter - Downloading https://nexus.opendaylight.org/content/repositories/public/net/oauth/oauth-parent/20090531/oauth-parent-20090531.pom
2017-09-12 21:19:15,346 [Worker-22] INFO  o.e.m.c.i.e.AbstractTransferListenerAdapter - Downloaded https://nexus.opendaylight.org/content/repositories/public/net/oauth/oauth-parent/20090531/oauth-parent-20090531.pom
2017-09-12 21:19:15,670 [Worker-22] INFO  o.e.m.c.i.e.AbstractTransferListenerAdapter - Downloading https://nexus.opendaylight.org/content/repositories/public/net/oauth/core/oauth/20100527/oauth-20100527.pom
2017-09-12 21:19:16,254 [Worker-22] INFO  o.e.m.c.i.e.AbstractTransferListenerAdapter - Downloaded https://nexus.opendaylight.org/content/repositories/public/net/oauth/core/oauth/20100527/oauth-20100527.pom
2017-09-12 21:19:17,044 [Worker-22] INFO  o.e.m.c.i.e.AbstractTransferListenerAdapter - Downloading https://nexus.opendaylight.org/content/repositories/public/org/apache/cxf/cxf-rt-features-clustering/3.0.6/cxf-rt-features-clustering-3.0.6.pom
2017-09-12 21:19:17,462 [Worker-22] INFO  o.e.m.c.i.e.AbstractTransferListenerAdapter - Downloaded https://nexus.opendaylight.org/content/repositories/public/org/apache/cxf/cxf-rt-features-clustering/3.0.6/cxf-rt-features-clustering-3.0.6.pom
2017-09-12 21:19:17,918 [Worker-22] INFO  o.e.m.c.i.e.AbstractTransferListenerAdapter - Downloading https://nexus.opendaylight.org/content/repositories/public/org/apache/xmlbeans/xmlbeans-xmlpublic/2.6.0/xmlbeans-xmlpublic-2.6.0.pom
2017-09-12 21:19:19,226 [Worker-22] INFO  o.e.m.c.i.e.AbstractTransferListenerAdapter - Downloaded https://nexus.opendaylight.org/content/repositories/public/org/apache/xmlbeans/xmlbeans-xmlpublic/2.6.0/xmlbeans-xmlpublic-2.6.0.pom
2017-09-12 21:19:21,468 [Worker-22] INFO  o.e.m.c.i.e.AbstractTransferListenerAdapter - Downloading https://nexus.opendaylight.org/content/repositories/public/com/att/camel/att-camel-dme2-servlet/2.15.5/att-camel-dme2-servlet-2.15.5.pom
2017-09-12 21:19:21,968 [Worker-22] INFO  o.e.m.c.i.e.AbstractTransferListenerAdapter - Downloaded https://nexus.opendaylight.org/content/repositories/public/com/att/camel/att-camel-dme2-servlet/2.15.5/att-camel-dme2-servlet-2.15.5.pom
2017-09-12 21:19:22,621 [Worker-22] INFO  o.e.m.c.i.e.AbstractTransferListenerAdapter - Downloading https://nexus.opendaylight.org/content/repositories/public/org/apache/camel/camel-package-maven-plugin/2.15.5/camel-package-maven-plugin-2.15.5.pom
2017-09-12 21:19:22,993 [Worker-22] INFO  o.e.m.c.i.e.AbstractTransferListenerAdapter - Downloaded https://nexus.opendaylight.org/content/repositories/public/org/apache/camel/camel-package-maven-plugin/2.15.5/camel-package-maven-plugin-2.15.5.pom
2017-09-12 21:19:23,809 [Worker-22] INFO  o.e.m.c.i.e.AbstractTransferListenerAdapter - Downloading https://nexus.opendaylight.org/content/repositories/public/org/apache/camel/maven-plugins/2.15.5/maven-plugins-2.15.5.pom
2017-09-12 21:19:24,124 [Worker-22] INFO  o.e.m.c.i.e.AbstractTransferListenerAdapter - Downloaded https://nexus.opendaylight.org/content/repositories/public/org/apache/camel/maven-plugins/2.15.5/maven-plugins-2.15.5.pom
2017-09-12 21:19:24,824 [Worker-22] INFO  o.e.m.c.i.e.AbstractTransferListenerAdapter - Downloading https://nexus.opendaylight.org/content/repositories/public/org/apache/camel/tooling/2.15.5/tooling-2.15.5.pom
2017-09-12 21:19:25,367 [Worker-22] INFO  o.e.m.c.i.e.AbstractTransferListenerAdapter - Downloaded https://nexus.opendaylight.org/content/repositories/public/org/apache/camel/tooling/2.15.5/tooling-2.15.5.pom
2017-09-12 21:19:50,834 [Worker-22] INFO  o.e.m.c.i.e.AbstractTransferListenerAdapter - Downloading https://nexus.opendaylight.org/content/repositories/public/org/apache/camel/apt/2.15.5/apt-2.15.5.pom
2017-09-12 21:19:51,461 [Worker-22] INFO  o.e.m.c.i.e.AbstractTransferListenerAdapter - Downloaded https://nexus.opendaylight.org/content/repositories/public/org/apache/camel/apt/2.15.5/apt-2.15.5.pom
2017-09-12 21:19:52,472 [Worker-22] INFO  o.e.m.c.i.e.AbstractTransferListenerAdapter - Downloading https://nexus.opendaylight.org/content/repositories/public/org/apache/camel/spi-annotations/2.15.5/spi-annotations-2.15.5.pom
2017-09-12 21:19:52,905 [Worker-22] INFO  o.e.m.c.i.e.AbstractTransferListenerAdapter - Downloaded https://nexus.opendaylight.org/content/repositories/public/org/apache/camel/spi-annotations/2.15.5/spi-annotations-2.15.5.pom
2017-09-12 21:19:53,700 [Worker-22] INFO  o.e.m.c.i.e.AbstractTransferListenerAdapter - Downloading https://nexus.opendaylight.org/content/repositories/public/com/github/fge/json-schema-validator/2.2.6/json-schema-validator-2.2.6.pom
2017-09-12 21:19:54,032 [Worker-22] INFO  o.e.m.c.i.e.AbstractTransferListenerAdapter - Downloaded https://nexus.opendaylight.org/content/repositories/public/com/github/fge/json-schema-validator/2.2.6/json-schema-validator-2.2.6.pom
2017-09-12 21:19:55,038 [Worker-22] INFO  o.e.m.c.i.e.AbstractTransferListenerAdapter - Downloading https://nexus.opendaylight.org/content/repositories/public/joda-time/joda-time/2.3/joda-time-2.3.pom
2017-09-12 21:19:56,183 [Worker-22] INFO  o.e.m.c.i.e.AbstractTransferListenerAdapter - Downloaded https://nexus.opendaylight.org/content/repositories/public/joda-time/joda-time/2.3/joda-time-2.3.pom
2017-09-12 21:19:57,449 [Worker-22] INFO  o.e.m.c.i.e.AbstractTransferListenerAdapter - Downloading https://nexus.opendaylight.org/content/repositories/public/com/googlecode/libphonenumber/libphonenumber/6.2/libphonenumber-6.2.pom
2017-09-12 21:19:58,218 [Worker-22] INFO  o.e.m.c.i.e.AbstractTransferListenerAdapter - Downloaded https://nexus.opendaylight.org/content/repositories/public/com/googlecode/libphonenumber/libphonenumber/6.2/libphonenumber-6.2.pom
2017-09-12 21:19:59,818 [Worker-22] INFO  o.e.m.c.i.e.AbstractTransferListenerAdapter - Downloading https://nexus.opendaylight.org/content/repositories/public/com/googlecode/libphonenumber/libphonenumber-parent/6.2/libphonenumber-parent-6.2.pom
2017-09-12 21:20:00,681 [Worker-22] INFO  o.e.m.c.i.e.AbstractTransferListenerAdapter - Downloaded https://nexus.opendaylight.org/content/repositories/public/com/googlecode/libphonenumber/libphonenumber-parent/6.2/libphonenumber-parent-6.2.pom
2017-09-12 21:20:01,875 [Worker-22] INFO  o.e.m.c.i.e.AbstractTransferListenerAdapter - Downloading https://nexus.opendaylight.org/content/repositories/public/com/github/fge/json-schema-core/1.2.5/json-schema-core-1.2.5.pom
2017-09-12 21:20:02,317 [Worker-22] INFO  o.e.m.c.i.e.AbstractTransferListenerAdapter - Downloaded https://nexus.opendaylight.org/content/repositories/public/com/github/fge/json-schema-core/1.2.5/json-schema-core-1.2.5.pom
2017-09-12 21:20:03,489 [Worker-22] INFO  o.e.m.c.i.e.AbstractTransferListenerAdapter - Downloading https://nexus.opendaylight.org/content/repositories/public/com/github/fge/uri-template/0.9/uri-template-0.9.pom
2017-09-12 21:20:03,824 [Worker-22] INFO  o.e.m.c.i.e.AbstractTransferListenerAdapter - Downloaded https://nexus.opendaylight.org/content/repositories/public/com/github/fge/uri-template/0.9/uri-template-0.9.pom
2017-09-12 21:20:04,964 [Worker-22] INFO  o.e.m.c.i.e.AbstractTransferListenerAdapter - Downloading https://nexus.opendaylight.org/content/repositories/public/com/github/fge/msg-simple/1.1/msg-simple-1.1.pom
2017-09-12 21:20:05,386 [Worker-22] INFO  o.e.m.c.i.e.AbstractTransferListenerAdapter - Downloaded https://nexus.opendaylight.org/content/repositories/public/com/github/fge/msg-simple/1.1/msg-simple-1.1.pom
2017-09-12 21:20:06,606 [Worker-22] INFO  o.e.m.c.i.e.AbstractTransferListenerAdapter - Downloading https://nexus.opendaylight.org/content/repositories/public/com/github/fge/btf/1.2/btf-1.2.pom
2017-09-12 21:20:07,030 [Worker-22] INFO  o.e.m.c.i.e.AbstractTransferListenerAdapter - Downloaded https://nexus.opendaylight.org/content/repositories/public/com/github/fge/btf/1.2/btf-1.2.pom
2017-09-12 21:20:09,115 [Worker-22] INFO  o.e.m.c.i.e.AbstractTransferListenerAdapter - Downloading https://nexus.opendaylight.org/content/repositories/public/com/github/fge/jackson-coreutils/1.8/jackson-coreutils-1.8.pom
2017-09-12 21:20:09,687 [Worker-22] INFO  o.e.m.c.i.e.AbstractTransferListenerAdapter - Downloaded https://nexus.opendaylight.org/content/repositories/public/com/github/fge/jackson-coreutils/1.8/jackson-coreutils-1.8.pom
2017-09-12 21:20:10,498 [Worker-22] INFO  o.e.m.c.i.e.AbstractTransferListenerAdapter - Downloading https://nexus.opendaylight.org/content/repositories/public/com/fasterxml/jackson/core/jackson-databind/2.2.3/jackson-databind-2.2.3.pom
2017-09-12 21:20:10,837 [Worker-22] INFO  o.e.m.c.i.e.AbstractTransferListenerAdapter - Downloaded https://nexus.opendaylight.org/content/repositories/public/com/fasterxml/jackson/core/jackson-databind/2.2.3/jackson-databind-2.2.3.pom
2017-09-12 21:20:11,527 [Worker-22] INFO  o.e.m.c.i.e.AbstractTransferListenerAdapter - Downloading https://nexus.opendaylight.org/content/repositories/public/com/fasterxml/jackson/core/jackson-annotations/2.2.3/jackson-annotations-2.2.3.pom
2017-09-12 21:20:11,868 [Worker-22] INFO  o.e.m.c.i.e.AbstractTransferListenerAdapter - Downloaded https://nexus.opendaylight.org/content/repositories/public/com/fasterxml/jackson/core/jackson-annotations/2.2.3/jackson-annotations-2.2.3.pom
2017-09-12 21:20:12,315 [Worker-22] INFO  o.e.m.c.i.e.AbstractTransferListenerAdapter - Downloading https://nexus.opendaylight.org/content/repositories/public/com/fasterxml/oss-parent/10/oss-parent-10.pom
2017-09-12 21:20:13,787 [Worker-22] INFO  o.e.m.c.i.e.AbstractTransferListenerAdapter - Downloaded https://nexus.opendaylight.org/content/repositories/public/com/fasterxml/oss-parent/10/oss-parent-10.pom
2017-09-12 21:20:14,825 [Worker-22] INFO  o.e.m.c.i.e.AbstractTransferListenerAdapter - Downloading https://nexus.opendaylight.org/content/repositories/public/com/fasterxml/jackson/core/jackson-core/2.4.3/jackson-core-2.4.3.pom
2017-09-12 21:20:15,169 [Worker-22] INFO  o.e.m.c.i.e.AbstractTransferListenerAdapter - Downloaded https://nexus.opendaylight.org/content/repositories/public/com/fasterxml/jackson/core/jackson-core/2.4.3/jackson-core-2.4.3.pom
2017-09-12 21:20:16,889 [Worker-22] INFO  o.e.m.c.i.e.AbstractTransferListenerAdapter - Downloading https://nexus.opendaylight.org/content/repositories/public/org/mozilla/rhino/1.7R4/rhino-1.7R4.pom
2017-09-12 21:20:17,270 [Worker-22] INFO  o.e.m.c.i.e.AbstractTransferListenerAdapter - Downloaded https://nexus.opendaylight.org/content/repositories/public/org/mozilla/rhino/1.7R4/rhino-1.7R4.pom
2017-09-12 21:20:17,911 [Worker-22] INFO  o.e.m.c.i.e.AbstractTransferListenerAdapter - Downloading https://nexus.opendaylight.org/content/repositories/public/javax/mail/mailapi/1.4.3/mailapi-1.4.3.pom
2017-09-12 21:20:18,236 [Worker-22] INFO  o.e.m.c.i.e.AbstractTransferListenerAdapter - Downloaded https://nexus.opendaylight.org/content/repositories/public/javax/mail/mailapi/1.4.3/mailapi-1.4.3.pom
2017-09-12 21:20:18,931 [Worker-22] INFO  o.e.m.c.i.e.AbstractTransferListenerAdapter - Downloading https://nexus.opendaylight.org/content/repositories/public/net/sf/jopt-simple/jopt-simple/4.6/jopt-simple-4.6.pom
2017-09-12 21:20:19,884 [Worker-22] INFO  o.e.m.c.i.e.AbstractTransferListenerAdapter - Downloaded https://nexus.opendaylight.org/content/repositories/public/net/sf/jopt-simple/jopt-simple/4.6/jopt-simple-4.6.pom
2017-09-12 21:20:20,941 [Worker-22] INFO  o.e.m.c.i.e.AbstractTransferListenerAdapter - Downloading https://nexus.opendaylight.org/content/repositories/public/org/springframework/spring-context-support/4.2.5.RELEASE/spring-context-support-4.2.5.RELEASE.pom
2017-09-12 21:20:21,269 [Worker-22] INFO  o.e.m.c.i.e.AbstractTransferListenerAdapter - Downloaded https://nexus.opendaylight.org/content/repositories/public/org/springframework/spring-context-support/4.2.5.RELEASE/spring-context-support-4.2.5.RELEASE.pom
2017-09-12 21:20:22,169 [Worker-22] INFO  o.e.m.c.i.e.AbstractTransferListenerAdapter - Downloading https://nexus.opendaylight.org/content/repositories/public/org/springframework/spring-jdbc/4.2.5.RELEASE/spring-jdbc-4.2.5.RELEASE.pom
2017-09-12 21:20:22,543 [Worker-22] INFO  o.e.m.c.i.e.AbstractTransferListenerAdapter - Downloaded https://nexus.opendaylight.org/content/repositories/public/org/springframework/spring-jdbc/4.2.5.RELEASE/spring-jdbc-4.2.5.RELEASE.pom
2017-09-12 21:20:25,226 [Worker-22] INFO  o.e.m.c.i.e.AbstractTransferListenerAdapter - Downloading https://nexus.opendaylight.org/content/repositories/public/org/springframework/spring-orm/4.2.5.RELEASE/spring-orm-4.2.5.RELEASE.pom
2017-09-12 21:20:25,750 [Worker-22] INFO  o.e.m.c.i.e.AbstractTransferListenerAdapter - Downloaded https://nexus.opendaylight.org/content/repositories/public/org/springframework/spring-orm/4.2.5.RELEASE/spring-orm-4.2.5.RELEASE.pom
2017-09-12 21:20:26,675 [Worker-22] INFO  o.e.m.c.i.e.AbstractTransferListenerAdapter - Downloading https://nexus.opendaylight.org/content/repositories/public/org/springframework/spring-oxm/4.2.5.RELEASE/spring-oxm-4.2.5.RELEASE.pom
2017-09-12 21:20:27,212 [Worker-22] INFO  o.e.m.c.i.e.AbstractTransferListenerAdapter - Downloaded https://nexus.opendaylight.org/content/repositories/public/org/springframework/spring-oxm/4.2.5.RELEASE/spring-oxm-4.2.5.RELEASE.pom
2017-09-12 21:20:28,287 [Worker-22] INFO  o.e.m.c.i.e.AbstractTransferListenerAdapter - Downloading https://nexus.opendaylight.org/content/repositories/public/org/springframework/spring-webmvc-portlet/4.2.5.RELEASE/spring-webmvc-portlet-4.2.5.RELEASE.pom
2017-09-12 21:20:28,960 [Worker-22] INFO  o.e.m.c.i.e.AbstractTransferListenerAdapter - Downloaded https://nexus.opendaylight.org/content/repositories/public/org/springframework/spring-webmvc-portlet/4.2.5.RELEASE/spring-webmvc-portlet-4.2.5.RELEASE.pom
2017-09-12 21:20:29,955 [Worker-22] INFO  o.e.m.c.i.e.AbstractTransferListenerAdapter - Downloading https://nexus.opendaylight.org/content/repositories/public/org/springframework/spring-test/4.2.5.RELEASE/spring-test-4.2.5.RELEASE.pom
2017-09-12 21:20:30,292 [Worker-22] INFO  o.e.m.c.i.e.AbstractTransferListenerAdapter - Downloaded https://nexus.opendaylight.org/content/repositories/public/org/springframework/spring-test/4.2.5.RELEASE/spring-test-4.2.5.RELEASE.pom
2017-09-12 21:20:31,266 [Worker-22] INFO  o.e.m.c.i.e.AbstractTransferListenerAdapter - Downloading https://nexus.opendaylight.org/content/repositories/public/org/apache/camel/camel-ejb/2.15.5/camel-ejb-2.15.5.pom
2017-09-12 21:20:31,808 [Worker-22] INFO  o.e.m.c.i.e.AbstractTransferListenerAdapter - Downloaded https://nexus.opendaylight.org/content/repositories/public/org/apache/camel/camel-ejb/2.15.5/camel-ejb-2.15.5.pom
2017-09-12 21:20:32,209 [Worker-22] INFO  o.e.m.c.i.e.AbstractTransferListenerAdapter - Downloading https://nexus.opendaylight.org/content/repositories/public/org/apache/openejb/openejb-core/4.5.2/openejb-core-4.5.2.pom
2017-09-12 21:20:33,259 [Worker-22] INFO  o.e.m.c.i.e.AbstractTransferListenerAdapter - Downloaded https://nexus.opendaylight.org/content/repositories/public/org/apache/openejb/openejb-core/4.5.2/openejb-core-4.5.2.pom
2017-09-12 21:20:34,234 [Worker-22] INFO  o.e.m.c.i.e.AbstractTransferListenerAdapter - Downloading https://nexus.opendaylight.org/content/repositories/public/org/apache/openejb/container/4.5.2/container-4.5.2.pom
2017-09-12 21:20:34,563 [Worker-22] INFO  o.e.m.c.i.e.AbstractTransferListenerAdapter - Downloaded https://nexus.opendaylight.org/content/repositories/public/org/apache/openejb/container/4.5.2/container-4.5.2.pom
2017-09-12 21:20:34,915 [Worker-22] INFO  o.e.m.c.i.e.AbstractTransferListenerAdapter - Downloading https://nexus.opendaylight.org/content/repositories/public/org/apache/openejb/openejb/4.5.2/openejb-4.5.2.pom
2017-09-12 21:20:36,520 [Worker-22] INFO  o.e.m.c.i.e.AbstractTransferListenerAdapter - Downloaded https://nexus.opendaylight.org/content/repositories/public/org/apache/openejb/openejb/4.5.2/openejb-4.5.2.pom
2017-09-12 21:20:37,529 [Worker-22] INFO  o.e.m.c.i.e.AbstractTransferListenerAdapter - Downloading https://nexus.opendaylight.org/content/repositories/public/org/apache/openejb/mbean-annotation-api/4.5.2/mbean-annotation-api-4.5.2.pom
2017-09-12 21:20:37,907 [Worker-22] INFO  o.e.m.c.i.e.AbstractTransferListenerAdapter - Downloaded https://nexus.opendaylight.org/content/repositories/public/org/apache/openejb/mbean-annotation-api/4.5.2/mbean-annotation-api-4.5.2.pom
2017-09-12 21:20:38,758 [Worker-22] INFO  o.e.m.c.i.e.AbstractTransferListenerAdapter - Downloading https://nexus.opendaylight.org/content/repositories/public/org/apache/openejb/deps/4.5.2/deps-4.5.2.pom
2017-09-12 21:20:39,386 [Worker-22] INFO  o.e.m.c.i.e.AbstractTransferListenerAdapter - Downloaded https://nexus.opendaylight.org/content/repositories/public/org/apache/openejb/deps/4.5.2/deps-4.5.2.pom
2017-09-12 21:20:40,404 [Worker-22] INFO  o.e.m.c.i.e.AbstractTransferListenerAdapter - Downloading https://nexus.opendaylight.org/content/repositories/public/org/apache/openejb/openejb-jpa-integration/4.5.2/openejb-jpa-integration-4.5.2.pom
2017-09-12 21:20:41,025 [Worker-22] INFO  o.e.m.c.i.e.AbstractTransferListenerAdapter - Downloaded https://nexus.opendaylight.org/content/repositories/public/org/apache/openejb/openejb-jpa-integration/4.5.2/openejb-jpa-integration-4.5.2.pom
2017-09-12 21:20:41,630 [Worker-22] INFO  o.e.m.c.i.e.AbstractTransferListenerAdapter - Downloading https://nexus.opendaylight.org/content/repositories/public/org/apache/openejb/javaee-api/6.0-5/javaee-api-6.0-5.pom
2017-09-12 21:20:42,659 [Worker-22] INFO  o.e.m.c.i.e.AbstractTransferListenerAdapter - Downloaded https://nexus.opendaylight.org/content/repositories/public/org/apache/openejb/javaee-api/6.0-5/javaee-api-6.0-5.pom
2017-09-12 21:20:43,493 [Worker-22] INFO  o.e.m.c.i.e.AbstractTransferListenerAdapter - Downloading https://nexus.opendaylight.org/content/repositories/public/org/apache/openejb/openejb-api/4.5.2/openejb-api-4.5.2.pom
2017-09-12 21:20:43,890 [Worker-22] INFO  o.e.m.c.i.e.AbstractTransferListenerAdapter - Downloaded https://nexus.opendaylight.org/content/repositories/public/org/apache/openejb/openejb-api/4.5.2/openejb-api-4.5.2.pom
2017-09-12 21:20:44,903 [Worker-22] INFO  o.e.m.c.i.e.AbstractTransferListenerAdapter - Downloading https://nexus.opendaylight.org/content/repositories/public/org/apache/openejb/openejb-loader/4.5.2/openejb-loader-4.5.2.pom
2017-09-12 21:20:45,547 [Worker-22] INFO  o.e.m.c.i.e.AbstractTransferListenerAdapter - Downloaded https://nexus.opendaylight.org/content/repositories/public/org/apache/openejb/openejb-loader/4.5.2/openejb-loader-4.5.2.pom
2017-09-12 21:20:46,437 [Worker-22] INFO  o.e.m.c.i.e.AbstractTransferListenerAdapter - Downloading https://nexus.opendaylight.org/content/repositories/public/org/apache/openejb/openejb-javaagent/4.5.2/openejb-javaagent-4.5.2.pom
2017-09-12 21:20:47,169 [Worker-22] INFO  o.e.m.c.i.e.AbstractTransferListenerAdapter - Downloaded https://nexus.opendaylight.org/content/repositories/public/org/apache/openejb/openejb-javaagent/4.5.2/openejb-javaagent-4.5.2.pom
2017-09-12 21:20:48,180 [Worker-22] INFO  o.e.m.c.i.e.AbstractTransferListenerAdapter - Downloading https://nexus.opendaylight.org/content/repositories/public/org/apache/openejb/openejb-jee/4.5.2/openejb-jee-4.5.2.pom
2017-09-12 21:20:48,672 [Worker-22] INFO  o.e.m.c.i.e.AbstractTransferListenerAdapter - Downloaded https://nexus.opendaylight.org/content/repositories/public/org/apache/openejb/openejb-jee/4.5.2/openejb-jee-4.5.2.pom
2017-09-12 21:20:49,614 [Worker-22] INFO  o.e.m.c.i.e.AbstractTransferListenerAdapter - Downloading https://nexus.opendaylight.org/content/repositories/public/org/apache/activemq/activemq-ra/5.7.0/activemq-ra-5.7.0.pom
2017-09-12 21:20:50,008 [Worker-22] INFO  o.e.m.c.i.e.AbstractTransferListenerAdapter - Downloaded https://nexus.opendaylight.org/content/repositories/public/org/apache/activemq/activemq-ra/5.7.0/activemq-ra-5.7.0.pom
2017-09-12 21:20:52,079 [Worker-22] INFO  o.e.m.c.i.e.AbstractTransferListenerAdapter - Downloading https://nexus.opendaylight.org/content/repositories/public/org/apache/geronimo/components/geronimo-connector/3.1.1/geronimo-connector-3.1.1.pom
2017-09-12 21:20:52,505 [Worker-22] INFO  o.e.m.c.i.e.AbstractTransferListenerAdapter - Downloaded https://nexus.opendaylight.org/content/repositories/public/org/apache/geronimo/components/geronimo-connector/3.1.1/geronimo-connector-3.1.1.pom
2017-09-12 21:20:53,896 [Worker-22] INFO  o.e.m.c.i.e.AbstractTransferListenerAdapter - Downloading https://nexus.opendaylight.org/content/repositories/public/org/apache/geronimo/components/geronimo-txmanager-parent/3.1.1/geronimo-txmanager-parent-3.1.1.pom
2017-09-12 21:20:54,235 [Worker-22] INFO  o.e.m.c.i.e.AbstractTransferListenerAdapter - Downloaded https://nexus.opendaylight.org/content/repositories/public/org/apache/geronimo/components/geronimo-txmanager-parent/3.1.1/geronimo-txmanager-parent-3.1.1.pom
2017-09-12 21:20:55,553 [Worker-22] INFO  o.e.m.c.i.e.AbstractTransferListenerAdapter - Downloading https://nexus.opendaylight.org/content/repositories/public/org/apache/geronimo/components/geronimo-transaction/3.1.1/geronimo-transaction-3.1.1.pom
2017-09-12 21:20:56,178 [Worker-22] INFO  o.e.m.c.i.e.AbstractTransferListenerAdapter - Downloaded https://nexus.opendaylight.org/content/repositories/public/org/apache/geronimo/components/geronimo-transaction/3.1.1/geronimo-transaction-3.1.1.pom
2017-09-12 21:20:56,986 [Worker-22] INFO  o.e.m.c.i.e.AbstractTransferListenerAdapter - Downloading https://nexus.opendaylight.org/content/repositories/public/org/apache/geronimo/specs/geronimo-j2ee-connector_1.6_spec/1.0/geronimo-j2ee-connector_1.6_spec-1.0.pom
2017-09-12 21:20:57,408 [Worker-22] INFO  o.e.m.c.i.e.AbstractTransferListenerAdapter - Downloaded https://nexus.opendaylight.org/content/repositories/public/org/apache/geronimo/specs/geronimo-j2ee-connector_1.6_spec/1.0/geronimo-j2ee-connector_1.6_spec-1.0.pom
2017-09-12 21:20:58,420 [Worker-22] INFO  o.e.m.c.i.e.AbstractTransferListenerAdapter - Downloading https://nexus.opendaylight.org/content/repositories/public/org/objectweb/howl/howl/1.0.1-1/howl-1.0.1-1.pom
2017-09-12 21:20:59,048 [Worker-22] INFO  o.e.m.c.i.e.AbstractTransferListenerAdapter - Downloaded https://nexus.opendaylight.org/content/repositories/public/org/objectweb/howl/howl/1.0.1-1/howl-1.0.1-1.pom
2017-09-12 21:21:00,275 [Worker-22] INFO  o.e.m.c.i.e.AbstractTransferListenerAdapter - Downloading https://nexus.opendaylight.org/content/repositories/public/org/apache/geronimo/javamail/geronimo-javamail_1.4_mail/1.8.2/geronimo-javamail_1.4_mail-1.8.2.pom
2017-09-12 21:21:00,889 [Worker-22] INFO  o.e.m.c.i.e.AbstractTransferListenerAdapter - Downloaded https://nexus.opendaylight.org/content/repositories/public/org/apache/geronimo/javamail/geronimo-javamail_1.4_mail/1.8.2/geronimo-javamail_1.4_mail-1.8.2.pom
2017-09-12 21:21:02,112 [Worker-22] INFO  o.e.m.c.i.e.AbstractTransferListenerAdapter - Downloading https://nexus.opendaylight.org/content/repositories/public/org/apache/geronimo/javamail/geronimo-javamail_1.4/1.8.2/geronimo-javamail_1.4-1.8.2.pom
2017-09-12 21:21:02,470 [Worker-22] INFO  o.e.m.c.i.e.AbstractTransferListenerAdapter - Downloaded https://nexus.opendaylight.org/content/repositories/public/org/apache/geronimo/javamail/geronimo-javamail_1.4/1.8.2/geronimo-javamail_1.4-1.8.2.pom
2017-09-12 21:21:03,746 [Worker-22] INFO  o.e.m.c.i.e.AbstractTransferListenerAdapter - Downloading https://nexus.opendaylight.org/content/repositories/public/org/apache/xbean/xbean-asm-shaded/3.12/xbean-asm-shaded-3.12.pom
2017-09-12 21:21:04,376 [Worker-22] INFO  o.e.m.c.i.e.AbstractTransferListenerAdapter - Downloaded https://nexus.opendaylight.org/content/repositories/public/org/apache/xbean/xbean-asm-shaded/3.12/xbean-asm-shaded-3.12.pom
2017-09-12 21:21:05,396 [Worker-22] INFO  o.e.m.c.i.e.AbstractTransferListenerAdapter - Downloading https://nexus.opendaylight.org/content/repositories/public/org/apache/xbean/xbean/3.12/xbean-3.12.pom
2017-09-12 21:21:06,370 [Worker-22] INFO  o.e.m.c.i.e.AbstractTransferListenerAdapter - Downloaded https://nexus.opendaylight.org/content/repositories/public/org/apache/xbean/xbean/3.12/xbean-3.12.pom
2017-09-12 21:21:07,227 [Worker-22] INFO  o.e.m.c.i.e.AbstractTransferListenerAdapter - Downloading https://nexus.opendaylight.org/content/repositories/public/org/apache/xbean/xbean-finder-shaded/3.12/xbean-finder-shaded-3.12.pom
2017-09-12 21:21:07,650 [Worker-22] INFO  o.e.m.c.i.e.AbstractTransferListenerAdapter - Downloaded https://nexus.opendaylight.org/content/repositories/public/org/apache/xbean/xbean-finder-shaded/3.12/xbean-finder-shaded-3.12.pom
2017-09-12 21:21:08,502 [Worker-22] INFO  o.e.m.c.i.e.AbstractTransferListenerAdapter - Downloading https://nexus.opendaylight.org/content/repositories/public/org/apache/xbean/xbean-naming/3.12/xbean-naming-3.12.pom
2017-09-12 21:21:09,287 [Worker-22] INFO  o.e.m.c.i.e.AbstractTransferListenerAdapter - Downloaded https://nexus.opendaylight.org/content/repositories/public/org/apache/xbean/xbean-naming/3.12/xbean-naming-3.12.pom
2017-09-12 21:21:10,205 [Worker-22] INFO  o.e.m.c.i.e.AbstractTransferListenerAdapter - Downloading https://nexus.opendaylight.org/content/repositories/public/org/apache/xbean/xbean-bundleutils/3.12/xbean-bundleutils-3.12.pom
2017-09-12 21:21:10,589 [Worker-22] INFO  o.e.m.c.i.e.AbstractTransferListenerAdapter - Downloaded https://nexus.opendaylight.org/content/repositories/public/org/apache/xbean/xbean-bundleutils/3.12/xbean-bundleutils-3.12.pom
2017-09-12 21:21:11,435 [Worker-22] INFO  o.e.m.c.i.e.AbstractTransferListenerAdapter - Downloading https://nexus.opendaylight.org/content/repositories/public/org/hsqldb/hsqldb/2.2.8/hsqldb-2.2.8.pom
2017-09-12 21:21:11,949 [Worker-22] INFO  o.e.m.c.i.e.AbstractTransferListenerAdapter - Downloaded https://nexus.opendaylight.org/content/repositories/public/org/hsqldb/hsqldb/2.2.8/hsqldb-2.2.8.pom
2017-09-12 21:21:14,015 [Worker-22] INFO  o.e.m.c.i.e.AbstractTransferListenerAdapter - Downloading https://nexus.opendaylight.org/content/repositories/public/commons-pool/commons-pool/1.5.7/commons-pool-1.5.7.pom
2017-09-12 21:21:15,026 [Worker-22] INFO  o.e.m.c.i.e.AbstractTransferListenerAdapter - Downloaded https://nexus.opendaylight.org/content/repositories/public/commons-pool/commons-pool/1.5.7/commons-pool-1.5.7.pom
2017-09-12 21:21:16,036 [Worker-22] INFO  o.e.m.c.i.e.AbstractTransferListenerAdapter - Downloading https://nexus.opendaylight.org/content/repositories/public/org/codehaus/swizzle/swizzle-stream/1.6.1/swizzle-stream-1.6.1.pom
2017-09-12 21:21:16,660 [Worker-22] INFO  o.e.m.c.i.e.AbstractTransferListenerAdapter - Downloaded https://nexus.opendaylight.org/content/repositories/public/org/codehaus/swizzle/swizzle-stream/1.6.1/swizzle-stream-1.6.1.pom
2017-09-12 21:21:17,877 [Worker-22] INFO  o.e.m.c.i.e.AbstractTransferListenerAdapter - Downloading https://nexus.opendaylight.org/content/repositories/public/org/codehaus/swizzle/swizzle/1.6.1/swizzle-1.6.1.pom
2017-09-12 21:21:18,527 [Worker-22] INFO  o.e.m.c.i.e.AbstractTransferListenerAdapter - Downloaded https://nexus.opendaylight.org/content/repositories/public/org/codehaus/swizzle/swizzle/1.6.1/swizzle-1.6.1.pom
2017-09-12 21:21:19,897 [Worker-22] INFO  o.e.m.c.i.e.AbstractTransferListenerAdapter - Downloading https://nexus.opendaylight.org/content/repositories/public/org/apache/openwebbeans/openwebbeans-impl/1.1.8/openwebbeans-impl-1.1.8.pom
2017-09-12 21:21:20,226 [Worker-22] INFO  o.e.m.c.i.e.AbstractTransferListenerAdapter - Downloaded https://nexus.opendaylight.org/content/repositories/public/org/apache/openwebbeans/openwebbeans-impl/1.1.8/openwebbeans-impl-1.1.8.pom
2017-09-12 21:21:20,750 [Worker-22] INFO  o.e.m.c.i.e.AbstractTransferListenerAdapter - Downloading https://nexus.opendaylight.org/content/repositories/public/org/apache/openwebbeans/openwebbeans/1.1.8/openwebbeans-1.1.8.pom
2017-09-12 21:21:21,780 [Worker-22] INFO  o.e.m.c.i.e.AbstractTransferListenerAdapter - Downloaded https://nexus.opendaylight.org/content/repositories/public/org/apache/openwebbeans/openwebbeans/1.1.8/openwebbeans-1.1.8.pom
2017-09-12 21:21:22,788 [Worker-22] INFO  o.e.m.c.i.e.AbstractTransferListenerAdapter - Downloading https://nexus.opendaylight.org/content/repositories/public/org/apache/openwebbeans/openwebbeans-spi/1.1.8/openwebbeans-spi-1.1.8.pom
2017-09-12 21:21:23,112 [Worker-22] INFO  o.e.m.c.i.e.AbstractTransferListenerAdapter - Downloaded https://nexus.opendaylight.org/content/repositories/public/org/apache/openwebbeans/openwebbeans-spi/1.1.8/openwebbeans-spi-1.1.8.pom
2017-09-12 21:21:23,957 [Worker-22] INFO  o.e.m.c.i.e.AbstractTransferListenerAdapter - Downloading https://nexus.opendaylight.org/content/repositories/public/org/apache/openwebbeans/openwebbeans-ejb/1.1.8/openwebbeans-ejb-1.1.8.pom
2017-09-12 21:21:24,292 [Worker-22] INFO  o.e.m.c.i.e.AbstractTransferListenerAdapter - Downloaded https://nexus.opendaylight.org/content/repositories/public/org/apache/openwebbeans/openwebbeans-ejb/1.1.8/openwebbeans-ejb-1.1.8.pom
2017-09-12 21:21:25,864 [Worker-22] INFO  o.e.m.c.i.e.AbstractTransferListenerAdapter - Downloading https://nexus.opendaylight.org/content/repositories/public/net/sf/scannotation/scannotation/1.0.2/scannotation-1.0.2.pom
2017-09-12 21:21:26,489 [Worker-22] INFO  o.e.m.c.i.e.AbstractTransferListenerAdapter - Downloaded https://nexus.opendaylight.org/content/repositories/public/net/sf/scannotation/scannotation/1.0.2/scannotation-1.0.2.pom
2017-09-12 21:21:27,708 [Worker-22] INFO  o.e.m.c.i.e.AbstractTransferListenerAdapter - Downloading https://nexus.opendaylight.org/content/repositories/public/org/apache/openwebbeans/openwebbeans-ee/1.1.8/openwebbeans-ee-1.1.8.pom
2017-09-12 21:21:28,544 [Worker-22] INFO  o.e.m.c.i.e.AbstractTransferListenerAdapter - Downloaded https://nexus.opendaylight.org/content/repositories/public/org/apache/openwebbeans/openwebbeans-ee/1.1.8/openwebbeans-ee-1.1.8.pom
2017-09-12 21:21:29,962 [Worker-22] INFO  o.e.m.c.i.e.AbstractTransferListenerAdapter - Downloading https://nexus.opendaylight.org/content/repositories/public/org/apache/openwebbeans/openwebbeans-ee-common/1.1.8/openwebbeans-ee-common-1.1.8.pom
2017-09-12 21:21:30,383 [Worker-22] INFO  o.e.m.c.i.e.AbstractTransferListenerAdapter - Downloaded https://nexus.opendaylight.org/content/repositories/public/org/apache/openwebbeans/openwebbeans-ee-common/1.1.8/openwebbeans-ee-common-1.1.8.pom
2017-09-12 21:21:31,601 [Worker-22] INFO  o.e.m.c.i.e.AbstractTransferListenerAdapter - Downloading https://nexus.opendaylight.org/content/repositories/public/org/apache/openwebbeans/openwebbeans-web/1.1.8/openwebbeans-web-1.1.8.pom
2017-09-12 21:21:32,190 [Worker-22] INFO  o.e.m.c.i.e.AbstractTransferListenerAdapter - Downloaded https://nexus.opendaylight.org/content/repositories/public/org/apache/openwebbeans/openwebbeans-web/1.1.8/openwebbeans-web-1.1.8.pom
2017-09-12 21:21:32,838 [Worker-22] INFO  o.e.m.c.i.e.AbstractTransferListenerAdapter - Downloading https://nexus.opendaylight.org/content/repositories/public/org/javassist/javassist/3.17.1-GA/javassist-3.17.1-GA.pom
2017-09-12 21:21:34,455 [Worker-22] INFO  o.e.m.c.i.e.AbstractTransferListenerAdapter - Downloaded https://nexus.opendaylight.org/content/repositories/public/org/javassist/javassist/3.17.1-GA/javassist-3.17.1-GA.pom
2017-09-12 21:21:35,697 [Worker-22] INFO  o.e.m.c.i.e.AbstractTransferListenerAdapter - Downloading https://nexus.opendaylight.org/content/repositories/public/org/apache/openejb/patch/openjpa-asm-shaded/2.2.0/openjpa-asm-shaded-2.2.0.pom
2017-09-12 21:21:36,553 [Worker-22] INFO  o.e.m.c.i.e.AbstractTransferListenerAdapter - Downloaded https://nexus.opendaylight.org/content/repositories/public/org/apache/openejb/patch/openjpa-asm-shaded/2.2.0/openjpa-asm-shaded-2.2.0.pom
2017-09-12 21:21:39,172 [Worker-22] INFO  o.e.m.c.i.e.AbstractTransferListenerAdapter - Downloading https://nexus.opendaylight.org/content/repositories/public/org/apache/openejb/deps/4.0.0/deps-4.0.0.pom
2017-09-12 21:21:39,617 [Worker-22] INFO  o.e.m.c.i.e.AbstractTransferListenerAdapter - Downloaded https://nexus.opendaylight.org/content/repositories/public/org/apache/openejb/deps/4.0.0/deps-4.0.0.pom
2017-09-12 21:21:41,211 [Worker-22] INFO  o.e.m.c.i.e.AbstractTransferListenerAdapter - Downloading https://nexus.opendaylight.org/content/repositories/public/org/apache/openejb/openejb/4.0.0/openejb-4.0.0.pom
2017-09-12 21:21:46,853 [Worker-22] INFO  o.e.m.c.i.e.AbstractTransferListenerAdapter - Downloaded https://nexus.opendaylight.org/content/repositories/public/org/apache/openejb/openejb/4.0.0/openejb-4.0.0.pom
2017-09-12 21:21:48,160 [Worker-22] INFO  o.e.m.c.i.e.AbstractTransferListenerAdapter - Downloading https://nexus.opendaylight.org/content/repositories/public/net/sourceforge/serp/serp/1.13.1/serp-1.13.1.pom
2017-09-12 21:21:48,596 [Worker-22] INFO  o.e.m.c.i.e.AbstractTransferListenerAdapter - Downloaded https://nexus.opendaylight.org/content/repositories/public/net/sourceforge/serp/serp/1.13.1/serp-1.13.1.pom
2017-09-12 21:21:49,445 [Worker-22] INFO  o.e.m.c.i.e.AbstractTransferListenerAdapter - Downloading https://nexus.opendaylight.org/content/repositories/public/org/apache/bval/bval-core/0.5/bval-core-0.5.pom
2017-09-12 21:21:49,755 [Worker-22] INFO  o.e.m.c.i.e.AbstractTransferListenerAdapter - Downloaded https://nexus.opendaylight.org/content/repositories/public/org/apache/bval/bval-core/0.5/bval-core-0.5.pom
2017-09-12 21:21:50,242 [Worker-22] INFO  o.e.m.c.i.e.AbstractTransferListenerAdapter - Downloading https://nexus.opendaylight.org/content/repositories/public/org/apache/bval/bval-parent/0.5/bval-parent-0.5.pom
2017-09-12 21:21:51,028 [Worker-22] INFO  o.e.m.c.i.e.AbstractTransferListenerAdapter - Downloaded https://nexus.opendaylight.org/content/repositories/public/org/apache/bval/bval-parent/0.5/bval-parent-0.5.pom
2017-09-12 21:21:52,069 [Worker-22] INFO  o.e.m.c.i.e.AbstractTransferListenerAdapter - Downloading https://nexus.opendaylight.org/content/repositories/public/org/apache/bval/bval-jsr303/0.5/bval-jsr303-0.5.pom
2017-09-12 21:21:52,502 [Worker-22] INFO  o.e.m.c.i.e.AbstractTransferListenerAdapter - Downloaded https://nexus.opendaylight.org/content/repositories/public/org/apache/bval/bval-jsr303/0.5/bval-jsr303-0.5.pom
2017-09-12 21:21:53,718 [Worker-22] INFO  o.e.m.c.i.e.AbstractTransferListenerAdapter - Downloading https://nexus.opendaylight.org/content/repositories/public/org/fusesource/jansi/jansi/1.8/jansi-1.8.pom
2017-09-12 21:21:54,364 [Worker-22] INFO  o.e.m.c.i.e.AbstractTransferListenerAdapter - Downloaded https://nexus.opendaylight.org/content/repositories/public/org/fusesource/jansi/jansi/1.8/jansi-1.8.pom
2017-09-12 21:21:54,743 [Worker-22] INFO  o.e.m.c.i.e.AbstractTransferListenerAdapter - Downloading https://nexus.opendaylight.org/content/repositories/public/org/fusesource/jansi/jansi-project/1.8/jansi-project-1.8.pom
2017-09-12 21:21:56,760 [Worker-22] INFO  o.e.m.c.i.e.AbstractTransferListenerAdapter - Downloaded https://nexus.opendaylight.org/content/repositories/public/org/fusesource/jansi/jansi-project/1.8/jansi-project-1.8.pom
2017-09-12 21:21:57,817 [Worker-22] INFO  o.e.m.c.i.e.AbstractTransferListenerAdapter - Downloading https://nexus.opendaylight.org/content/repositories/public/org/fusesource/fusesource-pom/1.8/fusesource-pom-1.8.pom
2017-09-12 21:21:58,693 [Worker-22] INFO  o.e.m.c.i.e.AbstractTransferListenerAdapter - Downloaded https://nexus.opendaylight.org/content/repositories/public/org/fusesource/fusesource-pom/1.8/fusesource-pom-1.8.pom
2017-09-12 21:22:00,073 [Worker-22] INFO  o.e.m.c.i.e.AbstractTransferListenerAdapter - Downloading https://nexus.opendaylight.org/content/repositories/public/org/codehaus/groovy/groovy-eclipse-compiler/2.8.0-01/groovy-eclipse-compiler-2.8.0-01.jar
2017-09-12 21:22:01,721 [Worker-22] INFO  o.e.m.c.i.e.AbstractTransferListenerAdapter - Downloaded https://nexus.opendaylight.org/content/repositories/public/org/codehaus/groovy/groovy-eclipse-compiler/2.8.0-01/groovy-eclipse-compiler-2.8.0-01.jar
2017-09-12 21:22:02,939 [Worker-22] INFO  o.e.m.c.i.e.AbstractTransferListenerAdapter - Downloading https://nexus.opendaylight.org/content/repositories/public/com/jcraft/jsch/0.1.27/jsch-0.1.27.jar
2017-09-12 21:22:05,198 [Worker-22] INFO  o.e.m.c.i.e.AbstractTransferListenerAdapter - Downloaded https://nexus.opendaylight.org/content/repositories/public/com/jcraft/jsch/0.1.27/jsch-0.1.27.jar
2017-09-12 21:22:05,805 [Worker-22] INFO  o.e.m.c.i.e.AbstractTransferListenerAdapter - Downloading https://nexus.opendaylight.org/content/repositories/public/org/codehaus/groovy/groovy-all/2.4.3/groovy-all-2.4.3.jar
2017-09-12 21:22:47,185 [Worker-22] INFO  o.e.m.c.i.e.AbstractTransferListenerAdapter - Downloaded https://nexus.opendaylight.org/content/repositories/public/org/codehaus/groovy/groovy-all/2.4.3/groovy-all-2.4.3.jar
2017-09-12 21:22:47,507 [Worker-22] INFO  o.e.m.c.i.e.AbstractTransferListenerAdapter - Downloading https://nexus.opendaylight.org/content/repositories/public/org/eclipse/jetty/jetty-util/9.2.9.v20150224/jetty-util-9.2.9.v20150224.jar
2017-09-12 21:22:49,756 [Worker-22] INFO  o.e.m.c.i.e.AbstractTransferListenerAdapter - Downloaded https://nexus.opendaylight.org/content/repositories/public/org/eclipse/jetty/jetty-util/9.2.9.v20150224/jetty-util-9.2.9.v20150224.jar
2017-09-12 21:22:50,271 [Worker-22] INFO  o.e.m.c.i.e.AbstractTransferListenerAdapter - Downloading https://nexus.opendaylight.org/content/repositories/public/com/att/aft/dme2/3.1.200/dme2-3.1.200.jar
2017-09-12 21:28:44,410 [Worker-27] INFO  o.e.m.i.launch.MavenLaunchDelegate - /Users/anakisho/git/traversal
2017-09-12 21:28:44,412 [Worker-27] INFO  o.e.m.i.launch.MavenLaunchDelegate -  mvn -B -s /Projects/ONAP/Softwares/apache-maven-3.5.0/settings.xml install
2017-09-13 10:47:17,558 [Worker-22] INFO  o.e.m.c.i.e.AbstractTransferListenerAdapter - Downloading https://nexus.opendaylight.org/content/repositories/public/com/att/aft/dme2/3.1.200/dme2-3.1.200.jar
2017-09-26 19:58:02,585 [Worker-0] WARN  o.e.m.c.i.embedder.EclipseLogger - Failure to transfer org.codehaus.groovy:groovy-eclipse-batch/maven-metadata.xml from http://nexus.codehaus.org/snapshots/ was cached in the local repository, resolution will not be reattempted until the update interval of codehaus-snapshots has elapsed or updates are forced. Original error: Could not transfer metadata org.codehaus.groovy:groovy-eclipse-batch/maven-metadata.xml from/to codehaus-snapshots (http://nexus.codehaus.org/snapshots/): nexus.codehaus.org: nodename nor servname provided, or not known
2017-09-26 19:58:02,750 [Worker-0] WARN  o.e.m.c.i.embedder.EclipseLogger - The metadata /Users/anakisho/.m2/repository/org/codehaus/groovy/groovy-eclipse-batch/maven-metadata-codehaus.org.xml is invalid: end tag name </head> must be the same as start tag <meta> from line 4 (position: TEXT seen ...  object.style.display = \'inline\';\n    }\n    }\n  </script>\n</head>... @66:8) 
2017-09-26 20:36:01,641 [Worker-3] WARN  o.e.m.c.i.embedder.EclipseLogger - Failure to transfer org.codehaus.groovy:groovy-eclipse-batch/maven-metadata.xml from http://nexus.codehaus.org/snapshots/ was cached in the local repository, resolution will not be reattempted until the update interval of codehaus-snapshots has elapsed or updates are forced. Original error: Could not transfer metadata org.codehaus.groovy:groovy-eclipse-batch/maven-metadata.xml from/to codehaus-snapshots (http://nexus.codehaus.org/snapshots/): nexus.codehaus.org: nodename nor servname provided, or not known
2017-09-26 20:36:01,913 [Worker-3] WARN  o.e.m.c.i.embedder.EclipseLogger - The metadata /Users/anakisho/.m2/repository/org/codehaus/groovy/groovy-eclipse-batch/maven-metadata-codehaus.org.xml is invalid: end tag name </head> must be the same as start tag <meta> from line 4 (position: TEXT seen ...  object.style.display = \'inline\';\n    }\n    }\n  </script>\n</head>... @66:8) 
2017-10-01 00:12:06,777 [Worker-0] WARN  o.e.m.c.i.embedder.EclipseLogger - Failure to transfer org.codehaus.groovy:groovy-eclipse-batch/maven-metadata.xml from http://nexus.codehaus.org/snapshots/ was cached in the local repository, resolution will not be reattempted until the update interval of codehaus-snapshots has elapsed or updates are forced. Original error: Could not transfer metadata org.codehaus.groovy:groovy-eclipse-batch/maven-metadata.xml from/to codehaus-snapshots (http://nexus.codehaus.org/snapshots/): nexus.codehaus.org: nodename nor servname provided, or not known
2017-10-01 00:12:06,967 [Worker-0] WARN  o.e.m.c.i.embedder.EclipseLogger - The metadata /Users/anakisho/.m2/repository/org/codehaus/groovy/groovy-eclipse-batch/maven-metadata-codehaus.org.xml is invalid: end tag name </head> must be the same as start tag <meta> from line 4 (position: TEXT seen ...  object.style.display = \'inline\';\n    }\n    }\n  </script>\n</head>... @66:8) 
2017-12-24 18:21:03,408 [Thread-6] ERROR org.eclipse.jgit.util.FS - xcrun: error: invalid active developer path (/Library/Developer/CommandLineTools), missing xcrun at: /Library/Developer/CommandLineTools/usr/bin/xcrun

2017-12-24 18:21:03,514 [Thread-7] ERROR org.eclipse.jgit.util.FS - xcrun: error: invalid active developer path (/Library/Developer/CommandLineTools), missing xcrun at: /Library/Developer/CommandLineTools/usr/bin/xcrun

